2024-01-16 20:42:13,485 [INFO] Activator:177 - 


2024-01-16 20:42:13,485 [INFO] Activator:178 - !SESSION log4j initialized
2024-01-16 20:42:47,771 [ERROR] LogOutputStream:74 - [STDERR_REDIRECT] SLF4J: Failed to load class "org.slf4j.impl.StaticLoggerBinder".
2024-01-16 20:42:47,771 [ERROR] LogOutputStream:74 - [STDERR_REDIRECT] SLF4J: Defaulting to no-operation (NOP) logger implementation
2024-01-16 20:42:47,771 [ERROR] LogOutputStream:74 - [STDERR_REDIRECT] SLF4J: See http://www.slf4j.org/codes.html#StaticLoggerBinder for further details.
2024-01-16 20:42:58,226 [INFO] McuFinderGlobals:44 - Set McuFinder mode to 2 (CubeIDE integrated)
2024-01-16 20:43:00,047 [INFO] ApplicationProperties:181 - Using Application install path: C:\ST\STM32CubeIDE_1.10.1\STM32CubeIDE\plugins\com.st.stm32cube.common.mx_6.6.1.202207061420
2024-01-16 20:43:00,100 [INFO] DbMcusXml:77 - Set database path to: C:\ST\STM32CubeIDE_1.10.1\STM32CubeIDE\plugins\com.st.stm32cube.common.mx_6.6.1.202207061420\\db\/mcu/
2024-01-16 20:43:00,100 [INFO] ApiDb:269 - Set plugin database path to: C:\ST\STM32CubeIDE_1.10.1\STM32CubeIDE\plugins\com.st.stm32cube.common.mx_6.6.1.202207061420\\db\/plugins/boardmanager/
2024-01-16 20:43:00,100 [WARN] ApiDb:254 - Overriding images path with different value:  => C:\ST\STM32CubeIDE_1.10.1\STM32CubeIDE\plugins\com.st.stm32cube.common.mx_6.6.1.202207061420\\db\/plugins/mcufinder/images/
2024-01-16 20:43:00,416 [INFO] ApiDb:249 - Set database path to: C:\Users\Usuario\.stmcufinder\plugins\mcufinder//mcu/
2024-01-16 20:43:00,416 [INFO] DbMcusAds:124 - Set database path to: C:\Users\Usuario\.stmcufinder\plugins\mcufinder//mcu/
2024-01-16 20:43:00,486 [INFO] CrossReferenceDbSqlite:201 - Set database path to: C:\Users\Usuario\.stmcufinder\plugins\mcufinder//mcu/cs/
2024-01-16 20:43:01,350 [INFO] RulesReader:61 - Compatibility file has been processed (282 Rules)
2024-01-16 20:43:02,198 [INFO] DbMcusXml:77 - Set database path to: C:\ST\STM32CubeIDE_1.10.1\STM32CubeIDE\plugins\com.st.stm32cube.common.mx_6.6.1.202207061420\\db\/mcu/
2024-01-16 20:43:02,198 [INFO] ApiDb:269 - Set plugin database path to: C:\ST\STM32CubeIDE_1.10.1\STM32CubeIDE\plugins\com.st.stm32cube.common.mx_6.6.1.202207061420\\db\/plugins/boardmanager/
2024-01-16 20:43:02,198 [INFO] ApiDb:256 - Set plugin images path to: C:\ST\STM32CubeIDE_1.10.1\STM32CubeIDE\plugins\com.st.stm32cube.common.mx_6.6.1.202207061420\\db\/plugins/mcufinder/images/
2024-01-16 20:43:02,198 [WARN] DbFile:40 - Overriding database path with different value: C:\Users\Usuario\.stmcufinder\plugins\mcufinder/ => C:\Users\Usuario\.stmcufinder\plugins\mcufinder
2024-01-16 20:43:02,198 [INFO] ApiDb:249 - Set database path to: C:\Users\Usuario\.stmcufinder\plugins\mcufinder//mcu/
2024-01-16 20:43:02,198 [WARN] DbFile:40 - Overriding database path with different value: C:\Users\Usuario\.stmcufinder\plugins\mcufinder/ => C:\Users\Usuario\.stmcufinder\plugins\mcufinder
2024-01-16 20:43:02,198 [INFO] DbMcusAds:124 - Set database path to: C:\Users\Usuario\.stmcufinder\plugins\mcufinder//mcu/
2024-01-16 20:43:02,198 [WARN] DbFile:40 - Overriding database path with different value: C:\Users\Usuario\.stmcufinder\plugins\mcufinder/ => C:\Users\Usuario\.stmcufinder\plugins\mcufinder
2024-01-16 20:43:02,198 [WARN] DbFile:40 - Overriding database path with different value: C:\Users\Usuario\.stmcufinder\plugins\mcufinder/ => C:\Users\Usuario\.stmcufinder\plugins\mcufinder
2024-01-16 20:43:02,198 [INFO] CrossReferenceDbSqlite:201 - Set database path to: C:\Users\Usuario\.stmcufinder\plugins\mcufinder//mcu/cs/
2024-01-16 20:43:03,275 [INFO] MainPanel:242 - HeapMemory: 268435456
2024-01-16 20:43:03,783 [INFO] DbMcusXml:77 - Set database path to: C:\ST\STM32CubeIDE_1.10.1\STM32CubeIDE\plugins\com.st.stm32cube.common.mx_6.6.1.202207061420\\db\/mcu/
2024-01-16 20:43:03,783 [INFO] ApiDb:269 - Set plugin database path to: C:\ST\STM32CubeIDE_1.10.1\STM32CubeIDE\plugins\com.st.stm32cube.common.mx_6.6.1.202207061420\\db\/plugins/boardmanager/
2024-01-16 20:43:03,783 [INFO] ApiDb:256 - Set plugin images path to: C:\ST\STM32CubeIDE_1.10.1\STM32CubeIDE\plugins\com.st.stm32cube.common.mx_6.6.1.202207061420\\db\/plugins/mcufinder/images/
2024-01-16 20:43:03,783 [WARN] DbFile:40 - Overriding database path with different value: C:\Users\Usuario\.stmcufinder\plugins\mcufinder/ => C:\Users\Usuario\.stmcufinder\plugins\mcufinder
2024-01-16 20:43:03,783 [INFO] ApiDb:249 - Set database path to: C:\Users\Usuario\.stmcufinder\plugins\mcufinder//mcu/
2024-01-16 20:43:03,783 [WARN] DbFile:40 - Overriding database path with different value: C:\Users\Usuario\.stmcufinder\plugins\mcufinder/ => C:\Users\Usuario\.stmcufinder\plugins\mcufinder
2024-01-16 20:43:03,783 [INFO] DbMcusAds:124 - Set database path to: C:\Users\Usuario\.stmcufinder\plugins\mcufinder//mcu/
2024-01-16 20:43:03,783 [WARN] DbFile:40 - Overriding database path with different value: C:\Users\Usuario\.stmcufinder\plugins\mcufinder/ => C:\Users\Usuario\.stmcufinder\plugins\mcufinder
2024-01-16 20:43:03,783 [WARN] DbFile:40 - Overriding database path with different value: C:\Users\Usuario\.stmcufinder\plugins\mcufinder/ => C:\Users\Usuario\.stmcufinder\plugins\mcufinder
2024-01-16 20:43:03,783 [INFO] CrossReferenceDbSqlite:201 - Set database path to: C:\Users\Usuario\.stmcufinder\plugins\mcufinder//mcu/cs/
2024-01-16 20:43:03,836 [INFO] ApplicationProperties:181 - Using Application install path: C:\ST\STM32CubeIDE_1.10.1\STM32CubeIDE\plugins\com.st.stm32cube.common.mx_6.6.1.202207061420
2024-01-16 20:43:03,836 [INFO] PluginManage:193 - Search for loadable plugins [exclusion list=, ]
2024-01-16 20:43:03,836 [INFO] PluginManage:307 - Check plugin analytics
2024-01-16 20:43:04,168 [INFO] AnalyticsPlugin:262 - Accepted Software Licenses: 
2024-01-16 20:43:04,168 [INFO] AnalyticsPlugin:264 - Accepted CMSIS Pack Licenses: 
2024-01-16 20:43:04,168 [INFO] AnalyticsPlugin:266 - Accepted Firmware Licenses: 
2024-01-16 20:43:04,184 [INFO] PluginManage:356 - Loaded plugin analytics (category:tool,tabindex:-1)
2024-01-16 20:43:04,184 [INFO] PluginManage:307 - Check plugin cadmodel
2024-01-16 20:43:04,384 [INFO] CADModel:65 - Init CAD model plugin
2024-01-16 20:43:04,384 [INFO] PluginManage:356 - Loaded plugin cadmodel (category:power,tabindex:5)
2024-01-16 20:43:04,384 [INFO] PluginManage:307 - Check plugin clock
2024-01-16 20:43:04,562 [INFO] PluginManage:356 - Loaded plugin clock (category:base,tabindex:2)
2024-01-16 20:43:04,562 [INFO] PluginManage:307 - Check plugin ddr
2024-01-16 20:43:04,663 [INFO] PluginManage:356 - Loaded plugin ddr (category:tool,tabindex:6)
2024-01-16 20:43:04,663 [INFO] PluginManage:307 - Check plugin filemanager
2024-01-16 20:43:06,807 [INFO] PluginManage:356 - Loaded plugin filemanager (category:base,tabindex:10)
2024-01-16 20:43:06,807 [INFO] PluginManage:307 - Check plugin ipmanager
2024-01-16 20:43:06,870 [INFO] PluginManage:356 - Loaded plugin ipmanager (category:base,tabindex:5)
2024-01-16 20:43:06,870 [INFO] PluginManage:307 - Check plugin lpbam
2024-01-16 20:43:06,920 [INFO] PluginManage:356 - Loaded plugin lpbam (category:base,tabindex:0)
2024-01-16 20:43:06,920 [INFO] PluginManage:307 - Check plugin pinoutandconfiguration
2024-01-16 20:43:06,969 [INFO] PluginManage:356 - Loaded plugin pinoutandconfiguration (category:base,tabindex:1)
2024-01-16 20:43:06,969 [INFO] PluginManage:307 - Check plugin pinoutconfig
2024-01-16 20:43:07,246 [INFO] PluginManage:356 - Loaded plugin pinoutconfig (category:base,tabindex:0)
2024-01-16 20:43:07,246 [INFO] PluginManage:307 - Check plugin power
2024-01-16 20:43:07,400 [INFO] PluginManage:356 - Loaded plugin power (category:power,tabindex:4)
2024-01-16 20:43:07,402 [INFO] PluginManage:307 - Check plugin projectmanager
2024-01-16 20:43:07,442 [INFO] PluginManage:356 - Loaded plugin projectmanager (category:projectmanager,tabindex:3)
2024-01-16 20:43:07,442 [INFO] PluginManage:307 - Check plugin thirdparty
2024-01-16 20:43:09,122 [WARN] IntegrityCheckThread:82 - waiting for thirdparty lock release [integrity check]
2024-01-16 20:43:09,122 [INFO] PluginManage:356 - Loaded plugin thirdparty (category:base,tabindex:-1)
2024-01-16 20:43:09,122 [INFO] IntegrityCheckThread:84 - entering critical section [integrity check]
2024-01-16 20:43:09,122 [INFO] PluginManage:307 - Check plugin tools
2024-01-16 20:43:09,122 [INFO] ThirdPartyUpdaterWithRetryManager:70 - Updater plugin not ready yet. [1/15]
2024-01-16 20:43:09,407 [INFO] PluginManage:356 - Loaded plugin tools (category:base,tabindex:7)
2024-01-16 20:43:09,407 [INFO] PluginManage:307 - Check plugin tutovideos
2024-01-16 20:43:09,924 [INFO] PluginManage:356 - Loaded plugin tutovideos (category:base,tabindex:-1)
2024-01-16 20:43:09,924 [INFO] PluginManage:307 - Check plugin updater
2024-01-16 20:43:09,993 [INFO] PluginManage:356 - Loaded plugin updater (category:base,tabindex:12)
2024-01-16 20:43:09,993 [INFO] PluginManage:280 - PluginManage : Loaded plugins [15]
2024-01-16 20:43:11,258 [INFO] PinOutPanel:1468 - setPackage(No Configuration,No Configuration)
2024-01-16 20:43:11,527 [INFO] CADModel:98 - CPN selected for project level
2024-01-16 20:43:11,628 [INFO] IPUIPlugin:79 - create IPUIPlugin
2024-01-16 20:43:11,628 [INFO] PluginManager:217 - loadIPPluginJar : add adc
2024-01-16 20:43:11,650 [INFO] IPUIPlugin:79 - create IPUIPlugin
2024-01-16 20:43:11,650 [INFO] PluginManager:217 - loadIPPluginJar : add aes
2024-01-16 20:43:11,671 [INFO] IPUIPlugin:79 - create IPUIPlugin
2024-01-16 20:43:11,671 [INFO] PluginManager:217 - loadIPPluginJar : add can
2024-01-16 20:43:11,741 [INFO] IPUIPlugin:79 - create IPUIPlugin
2024-01-16 20:43:11,741 [INFO] PluginManager:217 - loadIPPluginJar : add comp
2024-01-16 20:43:11,987 [INFO] IPUIPlugin:79 - create IPUIPlugin
2024-01-16 20:43:11,987 [INFO] PluginManager:217 - loadIPPluginJar : add cryp
2024-01-16 20:43:12,087 [INFO] IPUIPlugin:79 - create IPUIPlugin
2024-01-16 20:43:12,087 [INFO] PluginManager:217 - loadIPPluginJar : add dfsdm
2024-01-16 20:43:12,118 [INFO] IPUIPlugin:79 - create IPUIPlugin
2024-01-16 20:43:12,118 [INFO] PluginManager:217 - loadIPPluginJar : add dma
2024-01-16 20:43:12,134 [INFO] ThirdPartyUpdaterWithRetryManager:70 - Updater plugin not ready yet. [2/15]
2024-01-16 20:43:12,134 [INFO] IPUIPlugin:79 - create IPUIPlugin
2024-01-16 20:43:12,134 [INFO] PluginManager:217 - loadIPPluginJar : add dma3
2024-01-16 20:43:12,251 [INFO] IPUIPlugin:79 - create IPUIPlugin
2024-01-16 20:43:12,251 [INFO] PluginManager:217 - loadIPPluginJar : add fatfs
2024-01-16 20:43:12,274 [INFO] IPUIPlugin:79 - create IPUIPlugin
2024-01-16 20:43:12,274 [INFO] PluginManager:217 - loadIPPluginJar : add fmc
2024-01-16 20:43:12,302 [INFO] IPUIPlugin:79 - create IPUIPlugin
2024-01-16 20:43:12,304 [INFO] PluginManager:217 - loadIPPluginJar : add freertos
2024-01-16 20:43:12,314 [INFO] IPUIPlugin:79 - create IPUIPlugin
2024-01-16 20:43:12,314 [INFO] PluginManager:217 - loadIPPluginJar : add genericplugin
2024-01-16 20:43:12,395 [INFO] IPUIPlugin:79 - create IPUIPlugin
2024-01-16 20:43:12,395 [INFO] PluginManager:217 - loadIPPluginJar : add gfxmmu
2024-01-16 20:43:12,435 [INFO] IPUIPlugin:79 - create IPUIPlugin
2024-01-16 20:43:12,435 [INFO] PluginManager:217 - loadIPPluginJar : add gic
2024-01-16 20:43:12,455 [INFO] IPUIPlugin:79 - create IPUIPlugin
2024-01-16 20:43:12,455 [INFO] PluginManager:217 - loadIPPluginJar : add gpio
2024-01-16 20:43:12,516 [INFO] IPUIPlugin:79 - create IPUIPlugin
2024-01-16 20:43:12,516 [INFO] PluginManager:217 - loadIPPluginJar : add gtzc
2024-01-16 20:43:12,546 [INFO] IPUIPlugin:79 - create IPUIPlugin
2024-01-16 20:43:12,546 [INFO] PluginManager:217 - loadIPPluginJar : add hash
2024-01-16 20:43:12,574 [INFO] IPUIPlugin:79 - create IPUIPlugin
2024-01-16 20:43:12,574 [INFO] PluginManager:217 - loadIPPluginJar : add i2c
2024-01-16 20:43:12,617 [INFO] IPUIPlugin:79 - create IPUIPlugin
2024-01-16 20:43:12,617 [INFO] PluginManager:217 - loadIPPluginJar : add i2s
2024-01-16 20:43:12,707 [INFO] IPUIPlugin:79 - create IPUIPlugin
2024-01-16 20:43:12,715 [INFO] PluginManager:217 - loadIPPluginJar : add ipddr
2024-01-16 20:43:12,748 [INFO] IPUIPlugin:79 - create IPUIPlugin
2024-01-16 20:43:12,748 [INFO] PluginManager:217 - loadIPPluginJar : add linkedlist
2024-01-16 20:43:12,778 [INFO] IPUIPlugin:79 - create IPUIPlugin
2024-01-16 20:43:12,778 [INFO] PluginManager:217 - loadIPPluginJar : add lorawan
2024-01-16 20:43:12,812 [INFO] IPUIPlugin:79 - create IPUIPlugin
2024-01-16 20:43:12,812 [INFO] PluginManager:217 - loadIPPluginJar : add ltdc
2024-01-16 20:43:12,874 [INFO] IPUIPlugin:79 - create IPUIPlugin
2024-01-16 20:43:12,874 [INFO] PluginManager:217 - loadIPPluginJar : add mdma
2024-01-16 20:43:12,927 [INFO] IPUIPlugin:79 - create IPUIPlugin
2024-01-16 20:43:12,927 [INFO] PluginManager:217 - loadIPPluginJar : add nvic
2024-01-16 20:43:12,959 [INFO] IPUIPlugin:79 - create IPUIPlugin
2024-01-16 20:43:12,959 [INFO] PluginManager:217 - loadIPPluginJar : add opamp
2024-01-16 20:43:12,997 [INFO] IPUIPlugin:79 - create IPUIPlugin
2024-01-16 20:43:12,997 [INFO] PluginManager:217 - loadIPPluginJar : add openamp
2024-01-16 20:43:12,997 [INFO] IPUIPlugin:79 - create IPUIPlugin
2024-01-16 20:43:12,997 [INFO] PluginManager:217 - loadIPPluginJar : add pdm2pcm
2024-01-16 20:43:13,028 [INFO] IPUIPlugin:79 - create IPUIPlugin
2024-01-16 20:43:13,028 [INFO] PluginManager:217 - loadIPPluginJar : add plateformsettings
2024-01-16 20:43:13,059 [INFO] IPUIPlugin:79 - create IPUIPlugin
2024-01-16 20:43:13,059 [INFO] PluginManager:217 - loadIPPluginJar : add quadspi
2024-01-16 20:43:13,128 [INFO] IPUIPlugin:79 - create IPUIPlugin
2024-01-16 20:43:13,128 [INFO] PluginManager:217 - loadIPPluginJar : add resmgrutility
2024-01-16 20:43:13,159 [INFO] IPUIPlugin:79 - create IPUIPlugin
2024-01-16 20:43:13,159 [INFO] PluginManager:217 - loadIPPluginJar : add sai
2024-01-16 20:43:13,175 [INFO] IPUIPlugin:79 - create IPUIPlugin
2024-01-16 20:43:13,175 [INFO] PluginManager:217 - loadIPPluginJar : add spi
2024-01-16 20:43:13,213 [INFO] IPUIPlugin:79 - create IPUIPlugin
2024-01-16 20:43:13,213 [INFO] PluginManager:217 - loadIPPluginJar : add stm32_wpan
2024-01-16 20:43:13,213 [INFO] IPUIPlugin:79 - create IPUIPlugin
2024-01-16 20:43:13,213 [INFO] PluginManager:217 - loadIPPluginJar : add tim
2024-01-16 20:43:13,244 [INFO] IPUIPlugin:79 - create IPUIPlugin
2024-01-16 20:43:13,244 [INFO] PluginManager:217 - loadIPPluginJar : add touchsensing
2024-01-16 20:43:13,244 [INFO] IPUIPlugin:79 - create IPUIPlugin
2024-01-16 20:43:13,244 [INFO] PluginManager:217 - loadIPPluginJar : add tracer_emb
2024-01-16 20:43:13,260 [INFO] IPUIPlugin:79 - create IPUIPlugin
2024-01-16 20:43:13,260 [INFO] PluginManager:217 - loadIPPluginJar : add ts
2024-01-16 20:43:13,275 [INFO] IPUIPlugin:79 - create IPUIPlugin
2024-01-16 20:43:13,275 [INFO] PluginManager:217 - loadIPPluginJar : add tsc
2024-01-16 20:43:13,297 [INFO] IPUIPlugin:79 - create IPUIPlugin
2024-01-16 20:43:13,297 [INFO] PluginManager:217 - loadIPPluginJar : add ucpd
2024-01-16 20:43:13,313 [INFO] IPUIPlugin:79 - create IPUIPlugin
2024-01-16 20:43:13,313 [INFO] PluginManager:217 - loadIPPluginJar : add usart
2024-01-16 20:43:13,329 [INFO] IPUIPlugin:79 - create IPUIPlugin
2024-01-16 20:43:13,329 [INFO] PluginManager:217 - loadIPPluginJar : add usbx
2024-01-16 20:43:14,002 [FATAL] Updater:301 - Updater called before beeing initialized
2024-01-16 20:43:14,507 [FATAL] Updater:301 - Updater called before beeing initialized
2024-01-16 20:43:14,587 [INFO] DbMcusAds:52 - JSON generation date=Wed Nov 29 07:52:27 ART 2023 (1701255147200)
2024-01-16 20:43:14,587 [FATAL] Updater:301 - Updater called before beeing initialized
2024-01-16 20:43:14,789 [WARN] DetailPanel:344 - Failed to get advertising image, set to default
2024-01-16 20:43:15,071 [FATAL] Updater:301 - Updater called before beeing initialized
2024-01-16 20:43:15,132 [FATAL] Updater:301 - Updater called before beeing initialized
2024-01-16 20:43:15,132 [FATAL] Updater:301 - Updater called before beeing initialized
2024-01-16 20:43:15,132 [WARN] DetailPanel:344 - Failed to get advertising image, set to default
2024-01-16 20:43:15,132 [FATAL] Updater:301 - Updater called before beeing initialized
2024-01-16 20:43:15,142 [INFO] ThirdPartyUpdaterWithRetryManager:70 - Updater plugin not ready yet. [3/15]
2024-01-16 20:43:15,549 [ERROR] Updater:1105 - MainUpdater not yet initialized. External WinMGr cannot be set.
2024-01-16 20:43:15,580 [INFO] Updater:1041 - Updater Version found : 6.6.1
2024-01-16 20:43:15,680 [INFO] ApplicationProperties:181 - Using Application install path: C:\ST\STM32CubeIDE_1.10.1\STM32CubeIDE\plugins\com.st.stm32cube.common.mx_6.6.1.202207061420
2024-01-16 20:43:16,027 [INFO] MainUpdater:516 - Copy updater definitions from MX database
2024-01-16 20:43:16,340 [INFO] MainUpdater:2768 - connection check result : 10
2024-01-16 20:43:16,340 [INFO] MainUpdater:3453 - Updater definition file requires update
2024-01-16 20:43:16,348 [INFO] MainUpdater:280 - Updater Check For Update Now.
2024-01-16 20:43:16,348 [INFO] MicroXplorer:481 - Change Database Version : DB.6.0.60
2024-01-16 20:43:18,144 [WARN] MainUpdater:1184 - Updater busy. Cannot search thirdparties
2024-01-16 20:43:18,144 [INFO] ThirdPartyUpdaterWithRetryManager:96 - Updater plugin is busy. [1/15]
2024-01-16 20:43:19,061 [INFO] ServerAccessManage:474 - Download File updaters.zip
2024-01-16 20:43:19,272 [INFO] FileExtend:239 - Unzip File : updaters.zip
2024-01-16 20:43:19,272 [INFO] FileExtend:254 - Standard Zip Deflate
2024-01-16 20:43:19,827 [INFO] ServerAccessManage:474 - Download File PacksControlFlags.xml
2024-01-16 20:43:20,401 [INFO] ServerAccessManage:474 - Download File cubemx.pidx
2024-01-16 20:43:21,148 [WARN] MainUpdater:1184 - Updater busy. Cannot search thirdparties
2024-01-16 20:43:21,148 [INFO] ThirdPartyUpdaterWithRetryManager:96 - Updater plugin is busy. [2/15]
2024-01-16 20:43:21,158 [INFO] LoadServerUpdatesThread:367 - End of LoadServerUpdate Thread
2024-01-16 20:43:21,461 [INFO] CheckServerUpdateThread:119 - End of CheckServer Thread
2024-01-16 20:43:21,469 [INFO] MainUpdater:2768 - connection check result : 10
2024-01-16 20:43:24,009 [INFO] McuFinderGlobals:57 - Set McuFinderConnectedMode to true
2024-01-16 20:43:24,019 [INFO] MultiScanPanel:195 - Auto-refresh data requested => check proxy status ongoing
2024-01-16 20:43:24,060 [INFO] FinderPluginLoader:92 - Searching for filters in installed packs
2024-01-16 20:43:25,898 [INFO] ApiDb:576 - Connected to CubeFinder SQLite database (C:\Users\Usuario\.stmcufinder\plugins\mcufinder\mcu\cube-finder-db.db)
2024-01-16 20:43:26,214 [WARN] PackLoader:242 - Cannot read IP mode file for wolfSSL.I-CUBE-wolfSSL.5.2.0
2024-01-16 20:43:26,275 [WARN] PackLoader:242 - Cannot read IP mode file for STMicroelectronics.X-CUBE-SMBUS.2.1.0
2024-01-16 20:43:26,406 [WARN] PackLoader:242 - Cannot read IP mode file for STMicroelectronics.X-CUBE-TOUCHGFX.4.23.0
2024-01-16 20:43:26,587 [INFO] ApiDb:663 - CubeFinder database Data Model version=2.1
2024-01-16 20:43:26,587 [INFO] ApiDb:664 - CubeFinder database Configuration version=3.0.39
2024-01-16 20:43:26,587 [INFO] ApiDb:665 - CubeFinder database generation date=2023-12-08 (1702028721)
2024-01-16 20:43:26,587 [INFO] ApiDb:666 - CubeFinder database FW Pack versions=[FP-ATR-ASTRA1_V2.0.0, FP-SNS-FLIGHT1_V5.0.1, FP-SNS-FLIGHT1_V5.0.2, FP-SNS-MOTENV1_V4.3.1, FP-SNS-MOTENV1_V4.3.2, FP-SNS-MOTENVWB1_V1.3.1, FP-SNS-SMARTAG2_V1.2.0, STM32Cube_FW_C0_V1.1.0, STM32Cube_FW_F4_V1.28.0, STM32Cube_FW_F7_V1.17.0, STM32Cube_FW_G0_V1.6.1, STM32Cube_FW_G4_V1.5.1, STM32Cube_FW_H5_V0.5.1, STM32Cube_FW_H5_V1.1.1, STM32Cube_FW_H5_V1.2.0RC2, STM32Cube_FW_H7_V1.11.0, STM32Cube_FW_L0_V1.12.2, STM32Cube_FW_L5_V1.5.0, STM32Cube_FW_U5_V1.3.0RC4, STM32Cube_FW_U5_V1.4.0, STM32Cube_FW_WBA_V1.0.0RC1, STM32Cube_FW_WBA_V1.1.0RC1, STM32Cube_FW_WBA_V1.2.0, STM32Cube_FW_WBA_V1.2.0RC2, STM32Cube_FW_WB_V1.15.0RC1, STM32Cube_FW_WB_V1.16.0, STM32Cube_FW_WB_V1.16.0RC2, STM32Cube_FW_WB_V1.18.0, STM32Cube_FW_WL_V1.3.0, X-CUBE-ALGOBUILD_V1.3.0, X-CUBE-ALS_V1.0.1, X-CUBE-AZRTOS-F4_V1.1.0, X-CUBE-AZRTOS-F7_V1.1.0, X-CUBE-AZRTOS-G0_V1.1.0, X-CUBE-AZRTOS-G4_V2.0.0, X-CUBE-AZRTOS-H7_V3.1.0, X-CUBE-AZRTOS-L4_V1.0.0, X-CUBE-AZRTOS-L4_V2.0.0, X-CUBE-AZRTOS-L5_V1.1.0, X-CUBE-AZRTOS-WB_V2.0.0, X-CUBE-AZRTOS-WL_V2.0.0, X-CUBE-BLE1_V7.0.0, X-CUBE-BLE2_V3.3.0, X-CUBE-BLEMGR_V3.0.0, X-CUBE-EEPRMA1_V4.1.0, X-CUBE-EEPRMA1_V4.2.0, X-CUBE-FREERTOS_V1.1.0, X-CUBE-GNSS1_V6.0.0, X-CUBE-MEMS1_V10.0.0, X-CUBE-MEMS1_V9.1.0, X-CUBE-MEMS1_V9.4.0, X-CUBE-MEMS1_V9.6.0, X-CUBE-NFC4_V3.0.0, X-CUBE-NFC7_V1.0.1, X-CUBE-SFXS2LP1_V4.0.0, X-CUBE-SUBG2_V5.0.0, X-CUBE-TOF1_V3.4.0]
2024-01-16 20:43:26,748 [WARN] PackLoader:242 - Cannot read IP mode file for STMicroelectronics.X-CUBE-MEMS1.9.2.0
2024-01-16 20:43:27,283 [WARN] PackLoader:242 - Cannot read IP mode file for STMicroelectronics.X-CUBE-AZRTOS-F7.1.1.0
2024-01-16 20:43:27,353 [WARN] PackLoader:242 - Cannot read IP mode file for STMicroelectronics.X-CUBE-AI.7.1.0
2024-01-16 20:43:27,394 [WARN] PackLoader:242 - Cannot read IP mode file for STMicroelectronics.X-CUBE-TOUCHGFX.4.19.1
2024-01-16 20:43:27,434 [WARN] PackLoader:242 - Cannot read IP mode file for STMicroelectronics.FP-SNS-MOTENV1.4.3.2
2024-01-16 20:43:27,454 [ERROR] RealEvaluatedCondition:433 - Found unsupported composite condition: GROUP='STM32_MetaDataManager' CLASS='Data Exchange'
2024-01-16 20:43:27,454 [ERROR] RealEvaluatedCondition:433 - Found unsupported composite condition: GROUP='STM32_MetaDataManager' CLASS='Data Exchange'
2024-01-16 20:43:27,454 [WARN] PackLoader:242 - Cannot read IP mode file for STMicroelectronics.FP-SNS-MOTENV1.4.3.1
2024-01-16 20:43:27,474 [WARN] PackLoader:242 - Cannot read IP mode file for STMicroelectronics.FP-SNS-FLIGHT1.5.0.1
2024-01-16 20:43:27,656 [WARN] PackLoader:242 - Cannot read IP mode file for STMicroelectronics.X-CUBE-BLE1.6.2.3
2024-01-16 20:43:27,694 [WARN] PackLoader:242 - Cannot read IP mode file for STMicroelectronics.X-CUBE-BLE1.6.2.4
2024-01-16 20:43:27,726 [WARN] PackLoader:242 - Cannot read IP mode file for STMicroelectronics.FP-SNS-FLIGHT1.5.0.2
2024-01-16 20:43:27,767 [WARN] PackLoader:242 - Cannot read IP mode file for STMicroelectronics.X-CUBE-BLE2.3.2.2
2024-01-16 20:43:27,837 [WARN] PackLoader:242 - Cannot read IP mode file for STMicroelectronics.X-CUBE-TOF1.3.1.0
2024-01-16 20:43:27,877 [WARN] PackLoader:242 - Cannot read IP mode file for STMicroelectronics.X-CUBE-DISPLAY.3.0.0
2024-01-16 20:43:27,968 [WARN] PackLoader:242 - Cannot read IP mode file for STMicroelectronics.X-CUBE-BLE1.7.0.0
2024-01-16 20:43:28,231 [WARN] PackLoader:242 - Cannot read IP mode file for STMicroelectronics.X-CUBE-TOUCHGFX.4.22.0
2024-01-16 20:43:28,251 [WARN] PackLoader:242 - Cannot read IP mode file for STMicroelectronics.X-CUBE-TOUCHGFX.4.22.1
2024-01-16 20:43:28,352 [WARN] PackLoader:242 - Cannot read IP mode file for STMicroelectronics.X-CUBE-MEMS1.9.3.0
2024-01-16 20:43:28,806 [WARN] PackLoader:242 - Cannot read IP mode file for STMicroelectronics.X-CUBE-AI.7.2.0
2024-01-16 20:43:28,826 [WARN] PackLoader:242 - Cannot read IP mode file for STMicroelectronics.FP-SNS-SMARTAG2.1.2.0
2024-01-16 20:43:28,876 [INFO] LogOutputStream:76 - [STDOUT_REDIRECT] 1 : Invalid condition id : UX_CORESTACK_Condition cause : null
2024-01-16 20:43:28,876 [INFO] LogOutputStream:76 - [STDOUT_REDIRECT] 1 : Invalid condition id : UX_CORESTACK_Condition cause : null
2024-01-16 20:43:28,884 [INFO] LogOutputStream:76 - [STDOUT_REDIRECT] 1 : Invalid condition id : UX_CORESTACK_Condition cause : null
2024-01-16 20:43:28,916 [INFO] LogOutputStream:76 - [STDOUT_REDIRECT] 1 : Invalid condition id : UX_CORESTACK_Condition cause : null
2024-01-16 20:43:28,924 [INFO] LogOutputStream:76 - [STDOUT_REDIRECT] 1 : Invalid condition id : UX_CORESTACK_Condition cause : null
2024-01-16 20:43:28,926 [WARN] PackLoader:242 - Cannot read IP mode file for STMicroelectronics.X-CUBE-AZRTOS-WL.2.0.0
2024-01-16 20:43:28,957 [WARN] PackLoader:242 - Cannot read IP mode file for WES.I-CUBE-Cesium.1.3.0
2024-01-16 20:43:28,997 [WARN] PackLoader:242 - Cannot read IP mode file for STMicroelectronics.X-CUBE-BLE2.3.3.0
2024-01-16 20:43:29,017 [WARN] PackLoader:242 - Cannot read IP mode file for STMicroelectronics.X-CUBE-DISPLAY.2.2.0
2024-01-16 20:43:29,068 [WARN] PackLoader:242 - Cannot read IP mode file for STMicroelectronics.X-CUBE-TOF1.3.2.0
2024-01-16 20:43:29,128 [WARN] PackLoader:242 - Cannot read IP mode file for STMicroelectronics.X-CUBE-ISPU.1.0.0
2024-01-16 20:43:29,168 [WARN] PackLoader:242 - Cannot read IP mode file for STMicroelectronics.X-CUBE-AZRTOS-H7.2.1.0
2024-01-16 20:43:29,197 [WARN] PackLoader:242 - Cannot read IP mode file for STMicroelectronics.X-CUBE-TOUCHGFX.4.21.1
2024-01-16 20:43:29,229 [WARN] PackLoader:242 - Cannot read IP mode file for STMicroelectronics.X-CUBE-TOUCHGFX.4.21.3
2024-01-16 20:43:29,341 [WARN] PackLoader:242 - Cannot read IP mode file for STMicroelectronics.X-CUBE-TOUCHGFX.4.21.4
2024-01-16 20:43:29,625 [WARN] PackLoader:242 - Cannot read IP mode file for STMicroelectronics.X-CUBE-MEMS1.9.4.0
2024-01-16 20:43:29,966 [WARN] PackLoader:242 - Cannot read IP mode file for STMicroelectronics.X-CUBE-AI.7.3.0
2024-01-16 20:43:29,996 [WARN] PackLoader:242 - Cannot read IP mode file for STMicroelectronics.X-CUBE-ALGOBUILD.1.3.0
2024-01-16 20:43:30,027 [WARN] PackLoader:242 - Cannot read IP mode file for STMicroelectronics.X-CUBE-AZRTOS-G0.1.1.0
2024-01-16 20:43:30,065 [WARN] PackLoader:242 - Cannot read IP mode file for STMicroelectronics.X-CUBE-NFC4.3.0.0
2024-01-16 20:43:30,248 [WARN] PackLoader:242 - Cannot read IP mode file for SEGGER.I-CUBE-embOS.1.2.0
2024-01-16 20:43:30,339 [WARN] PackLoader:242 - Cannot read IP mode file for STMicroelectronics.X-CUBE-DISPLAY.2.1.0
2024-01-16 20:43:30,420 [WARN] PackLoader:242 - Cannot read IP mode file for STMicroelectronics.X-CUBE-BLEMGR.3.0.0
2024-01-16 20:43:30,471 [WARN] PackLoader:242 - Cannot read IP mode file for STMicroelectronics.X-CUBE-BLEMGR.1.3.0
2024-01-16 20:43:30,834 [WARN] PackLoader:242 - Cannot read IP mode file for STMicroelectronics.FP-ATR-SIGFOX1.3.2.0
2024-01-16 20:43:30,874 [WARN] PackLoader:242 - Cannot read IP mode file for emotas.I-CUBE-CANOPEN.1.1.2
2024-01-16 20:43:30,905 [WARN] PackLoader:242 - Cannot read IP mode file for STMicroelectronics.X-CUBE-TOUCHGFX.4.20.0
2024-01-16 20:43:31,016 [WARN] PackLoader:242 - Cannot read IP mode file for STMicroelectronics.X-CUBE-MEMS1.9.5.0
2024-01-16 20:43:31,399 [WARN] PackLoader:242 - Cannot read IP mode file for SEGGER.I-CUBE-embOS.1.3.1
2024-01-16 20:43:31,458 [WARN] PackLoader:242 - Cannot read IP mode file for STMicroelectronics.X-CUBE-TOF1.3.0.0
2024-01-16 20:43:31,470 [WARN] PackLoader:242 - Cannot read IP mode file for STMicroelectronics.X-CUBE-GNSS1.6.0.0
2024-01-16 20:43:31,511 [WARN] PackLoader:242 - Cannot read IP mode file for STMicroelectronics.X-CUBE-AZRTOS-F4.1.1.0
2024-01-16 20:43:31,551 [WARN] PackLoader:242 - Cannot read IP mode file for STMicroelectronics.X-CUBE-BLEMGR.1.2.0
2024-01-16 20:43:31,743 [WARN] PackLoader:242 - Cannot read IP mode file for STMicroelectronics.X-CUBE-AZRTOS-L5.2.0.0
2024-01-16 20:43:31,844 [WARN] PackLoader:242 - Cannot read IP mode file for STMicroelectronics.X-CUBE-MEMS1.9.6.0
2024-01-16 20:43:32,176 [WARN] PackLoader:242 - Cannot read IP mode file for STMicroelectronics.X-CUBE-EEPRMA1.4.2.0
2024-01-16 20:43:32,217 [WARN] PackLoader:242 - Cannot read IP mode file for ITTIA_DB.I-CUBE-ITTIADB.8.8.0
2024-01-16 20:43:32,295 [WARN] PackLoader:242 - Cannot read IP mode file for STMicroelectronics.X-CUBE-BLEMGR.2.0.0
2024-01-16 20:43:32,307 [WARN] PackLoader:242 - Cannot read IP mode file for STMicroelectronics.X-CUBE-NFC4.2.0.5
2024-01-16 20:43:32,338 [WARN] PackLoader:242 - Cannot read IP mode file for STMicroelectronics.X-CUBE-NFC4.2.0.4
2024-01-16 20:43:32,398 [WARN] ConditionMgr:437 - getConditionDescription Invalid condition id : UX DEVICE CLASS RTOS Condition cause : null
2024-01-16 20:43:32,428 [WARN] ConditionMgr:437 - getConditionDescription Invalid condition id : UX DEVICE CLASS RTOS Condition cause : null
2024-01-16 20:43:32,428 [WARN] PackLoader:242 - Cannot read IP mode file for STMicroelectronics.X-CUBE-AZRTOS-H7.3.1.0
2024-01-16 20:43:32,428 [WARN] ConditionMgr:1038 - genDependencies : Invalid condition id : UX DEVICE CLASS RTOS Condition cause : null
2024-01-16 20:43:32,428 [WARN] ConditionMgr:1038 - genDependencies : Invalid condition id : UX DEVICE CLASS RTOS Condition cause : null
2024-01-16 20:43:32,428 [WARN] ConditionMgr:1038 - genDependencies : Invalid condition id : UX DEVICE CLASS RTOS Condition cause : null
2024-01-16 20:43:32,436 [WARN] ConditionMgr:1038 - genDependencies : Invalid condition id : UX DEVICE CLASS RTOS Condition cause : null
2024-01-16 20:43:32,436 [WARN] ConditionMgr:1038 - genDependencies : Invalid condition id : UX DEVICE CLASS RTOS Condition cause : null
2024-01-16 20:43:32,469 [WARN] PackLoader:242 - Cannot read IP mode file for STMicroelectronics.X-CUBE-SFXS2LP1.3.1.0
2024-01-16 20:43:32,520 [WARN] PackLoader:242 - Cannot read IP mode file for STMicroelectronics.X-CUBE-AZRTOS-F4.1.0.0
2024-01-16 20:43:32,550 [WARN] PackLoader:242 - Cannot read IP mode file for STMicroelectronics.X-CUBE-NFC7.1.0.1
2024-01-16 20:43:32,570 [WARN] PackLoader:242 - Cannot read IP mode file for STMicroelectronics.X-CUBE-NFC7.1.0.0
2024-01-16 20:43:32,590 [WARN] PackLoader:242 - Cannot read IP mode file for STMicroelectronics.X-CUBE-NFC6.3.0.0
2024-01-16 20:43:32,661 [WARN] PackLoader:242 - Cannot read IP mode file for STMicroelectronics.X-CUBE-EEPRMA1.4.1.0
2024-01-16 20:43:32,691 [WARN] PackLoader:242 - Cannot read IP mode file for STMicroelectronics.X-CUBE-AI.8.1.0
2024-01-16 20:43:32,721 [WARN] PackLoader:242 - Cannot read IP mode file for STMicroelectronics.X-CUBE-AZRTOS-G0.1.0.0
2024-01-16 20:43:32,810 [WARN] ConditionMgr:437 - getConditionDescription Invalid condition id : LAN8742 Phy interface Condition cause : null
2024-01-16 20:43:32,812 [WARN] PackLoader:242 - Cannot read IP mode file for STMicroelectronics.X-CUBE-AZRTOS-L4.2.0.0
2024-01-16 20:43:32,812 [WARN] ConditionMgr:1038 - genDependencies : Invalid condition id : LAN8742 Phy interface Condition cause : null
2024-01-16 20:43:32,812 [WARN] ConditionMgr:1038 - genDependencies : Invalid condition id : LAN8742 Phy interface Condition cause : null
2024-01-16 20:43:32,812 [WARN] ConditionMgr:1038 - genDependencies : Invalid condition id : LAN8742 Phy interface Condition cause : null
2024-01-16 20:43:32,832 [WARN] PackLoader:242 - Cannot read IP mode file for STMicroelectronics.X-CUBE-SFXS2LP1.4.0.0
2024-01-16 20:43:32,883 [WARN] PackLoader:242 - Cannot read IP mode file for STMicroelectronics.X-CUBE-AZRTOS-H7.3.0.0
2024-01-16 20:43:32,903 [WARN] PackLoader:242 - Cannot read IP mode file for STMicroelectronics.X-CUBE-ISPU.1.1.0
2024-01-16 20:43:32,943 [WARN] PackLoader:242 - Cannot read IP mode file for RoweBots.I-CUBE-UNISONRTOS.5.5.0-4
2024-01-16 20:43:32,963 [WARN] PackLoader:242 - Cannot read IP mode file for STMicroelectronics.X-CUBE-AI.8.0.0
2024-01-16 20:43:33,002 [WARN] ConditionMgr:437 - getConditionDescription Invalid condition id : UX DEVICE CLASS RTOS Condition cause : null
2024-01-16 20:43:33,002 [WARN] ConditionMgr:437 - getConditionDescription Invalid condition id : UX DEVICE CLASS RTOS Condition cause : null
2024-01-16 20:43:33,004 [WARN] PackLoader:242 - Cannot read IP mode file for STMicroelectronics.X-CUBE-AZRTOS-WB.2.0.0
2024-01-16 20:43:33,004 [WARN] ConditionMgr:1038 - genDependencies : Invalid condition id : UX DEVICE CLASS RTOS Condition cause : null
2024-01-16 20:43:33,004 [WARN] ConditionMgr:1038 - genDependencies : Invalid condition id : UX DEVICE CLASS RTOS Condition cause : null
2024-01-16 20:43:33,004 [WARN] ConditionMgr:1038 - genDependencies : Invalid condition id : UX DEVICE CLASS RTOS Condition cause : null
2024-01-16 20:43:33,032 [WARN] ConditionMgr:1038 - genDependencies : Invalid condition id : UX DEVICE CLASS RTOS Condition cause : null
2024-01-16 20:43:33,032 [WARN] ConditionMgr:1038 - genDependencies : Invalid condition id : UX DEVICE CLASS RTOS Condition cause : null
2024-01-16 20:43:33,246 [WARN] PackLoader:242 - Cannot read IP mode file for STMicroelectronics.X-CUBE-FREERTOS.1.0.1
2024-01-16 20:43:33,286 [WARN] PackLoader:242 - Cannot read IP mode file for STMicroelectronics.X-CUBE-BLEMGR.1.0.0
2024-01-16 20:43:33,367 [WARN] PackLoader:242 - Cannot read IP mode file for STMicroelectronics.X-CUBE-AZRTOS-L5.1.1.0
2024-01-16 20:43:33,427 [WARN] PackLoader:242 - Cannot read IP mode file for STMicroelectronics.X-CUBE-AI.8.0.1
2024-01-16 20:43:33,447 [WARN] PackLoader:242 - Cannot read IP mode file for STMicroelectronics.X-CUBE-SUBG2.5.0.0
2024-01-16 20:43:33,486 [WARN] PackLoader:242 - Cannot read IP mode file for STMicroelectronics.X-CUBE-TOF1.3.3.1
2024-01-16 20:43:33,558 [WARN] PackLoader:242 - Cannot read IP mode file for STMicroelectronics.X-CUBE-AZRTOS-G4.2.0.0
2024-01-16 20:43:33,588 [WARN] PackLoader:242 - Cannot read IP mode file for STMicroelectronics.X-CUBE-TOF1.3.3.0
2024-01-16 20:43:33,627 [WARN] PackLoader:242 - Cannot read IP mode file for STMicroelectronics.FP-ATR-ASTRA1.1.1.1
2024-01-16 20:43:33,680 [WARN] PackLoader:242 - Cannot read IP mode file for Infineon.AIROC-Wi-Fi-Bluetooth-STM32.1.5.1
2024-01-16 20:43:33,750 [WARN] PackLoader:242 - Cannot read IP mode file for STMicroelectronics.FP-ATR-ASTRA1.1.1.0
2024-01-16 20:43:33,781 [WARN] PackLoader:242 - Cannot read IP mode file for STMicroelectronics.FP-SNS-MOTENVWB1.1.3.0
2024-01-16 20:43:33,811 [WARN] PackLoader:242 - Cannot read IP mode file for STMicroelectronics.FP-SNS-MOTENVWB1.1.3.1
2024-01-16 20:43:33,850 [WARN] PackLoader:242 - Cannot read IP mode file for STMicroelectronics.X-CUBE-AZRTOS-G4.1.0.0
2024-01-16 20:43:33,912 [WARN] PackLoader:242 - Cannot read IP mode file for STMicroelectronics.X-CUBE-AZRTOS-L4.1.0.0
2024-01-16 20:43:33,933 [WARN] PackLoader:242 - Cannot read IP mode file for STMicroelectronics.X-CUBE-ISPU.2.0.0
2024-01-16 20:43:34,330 [WARN] PackLoader:242 - Cannot read IP mode file for STMicroelectronics.X-CUBE-MEMS1.10.0.0
2024-01-16 20:43:34,496 [WARN] PackLoader:242 - Cannot read IP mode file for STMicroelectronics.X-CUBE-FREERTOS.1.1.0
2024-01-16 20:43:34,546 [WARN] PackLoader:242 - Cannot read IP mode file for STMicroelectronics.X-CUBE-AZRTOS-F7.1.0.0
2024-01-16 20:43:34,587 [WARN] PackLoader:242 - Cannot read IP mode file for STMicroelectronics.X-CUBE-AZRTOS-WL.1.0.0
2024-01-16 20:43:34,667 [WARN] PackLoader:242 - Cannot read IP mode file for portGmbH.I-Cube-SoM-uGOAL.1.1.0
2024-01-16 20:43:34,758 [WARN] PackLoader:242 - Cannot read IP mode file for STMicroelectronics.X-CUBE-ALS.1.0.1
2024-01-16 20:43:34,889 [WARN] PackLoader:242 - Cannot read IP mode file for STMicroelectronics.X-CUBE-AZRTOS-WB.1.1.0
2024-01-16 20:43:35,091 [WARN] PackLoader:242 - Cannot read IP mode file for STMicroelectronics.X-CUBE-AZRTOS-L5.1.0.0
2024-01-16 20:43:35,243 [WARN] PackLoader:242 - Cannot read IP mode file for STMicroelectronics.X-CUBE-EEPRMA1.3.1.1
2024-01-16 20:43:35,334 [WARN] PackLoader:242 - Cannot read IP mode file for STMicroelectronics.X-CUBE-GNSS1.5.2.0
2024-01-16 20:43:35,364 [WARN] PackLoader:242 - Cannot read IP mode file for STMicroelectronics.FP-ATR-ASTRA1.2.0.0
2024-01-16 20:43:35,445 [WARN] PackLoader:242 - Cannot read IP mode file for STMicroelectronics.X-CUBE-TOF1.3.4.0
2024-01-16 20:43:35,858 [WARN] PackLoader:242 - Cannot read IP mode file for STMicroelectronics.X-CUBE-AZRTOS-H7.3.2.0
2024-01-16 20:43:35,858 [INFO] ThirdParty:929 - Integrity check success = true
2024-01-16 20:43:35,858 [INFO] IntegrityCheckThread:98 - exiting critical section [integrity check]
2024-01-16 20:43:35,858 [INFO] IntegrityCheckThread:101 - End integrity checks thread
2024-01-16 20:43:38,563 [INFO] ApiDb:239 - Found 138 in-development CPN: [B-WB1M-WPAN1, NUCLEO-C031C6, STEVAL-STWINBX1, STM320518-EVAL, STM32C0116-DK, STM32C011D6Y3TR, STM32C011D6Y6TR, STM32C011F4P3, STM32C011F4P6, STM32C011F4U3, STM32C011F4U6TR, STM32C011F6P3, STM32C011F6P6, STM32C011F6U3, STM32C011F6U6TR, STM32C011J4M3, STM32C011J4M6, STM32C011J6M3, STM32C011J6M6, STM32C0316-DK, STM32C031C4T3, STM32C031C4T6, STM32C031C4U3, STM32C031C4U6, STM32C031C6T3, STM32C031C6T6, STM32C031C6U3, STM32C031C6U6, STM32C031F4P3, STM32C031F4P6, STM32C031F6P3, STM32C031F6P6, STM32C031G4U3, STM32C031G4U6, STM32C031G6U3, STM32C031G6U6, STM32C031K4T3, STM32C031K4T6, STM32C031K4U3, STM32C031K4U6, STM32C031K6T3, STM32C031K6T6, STM32C031K6U3, STM32C031K6U6, STM32G071K8TXN, STM32G071K8UXN, STM32G081GBU6N, STM32G081KBT6N, STM32G081KBUXN, STM32G0B1CCT6N, STM32G0B1KCT6, STM32G0B1NEY6TR, STM32G0B1RCT6N, STM32G0C1CCT6, STM32G0C1CCT6N, STM32G0C1CCU6N, STM32G0C1CET6N, STM32G0C1CEU6N, STM32G0C1KCT6, STM32G0C1NEY6TR, STM32G0C1RCI6N, STM32G0C1RCT6N, STM32G0C1REI6N, STM32G0C1RET6N, STM32G0C1VCI6, STM32G0C1VEI6, STM32G471CCT6, STM32G471CCU6, STM32G471CET3, STM32G471CET6, STM32G471CEU3, STM32G471CEU6, STM32G471MCT6, STM32G471MET3, STM32G471MET6, STM32G471MEY6TR, STM32G471QCT6, STM32G471QET3, STM32G471RCT6, STM32G471RET3, STM32G471RET6, STM32G471VCH6, STM32G471VCI6, STM32G471VCT6, STM32G471VEH3, STM32G471VEH6, STM32G471VEI3, STM32G471VEI6, STM32G471VET3, STM32G471VET6, STM32G474CCT6, STM32L476VGY6PTR, STM32L4R5QGI6STR, STM32MP131AAE3, STM32MP131AAF3, STM32MP131AAG3, STM32MP131CAE3, STM32MP131CAF3, STM32MP131CAG3, STM32MP131DAE7, STM32MP131DAF7, STM32MP131DAG7, STM32MP131FAE7, STM32MP131FAF7, STM32MP131FAG7, STM32MP133AAE3, STM32MP133AAF3, STM32MP133AAG3, STM32MP133CAE3, STM32MP133CAF3, STM32MP133CAG3, STM32MP133DAE7, STM32MP133DAF7, STM32MP133DAG7, STM32MP133FAE7, STM32MP133FAF7, STM32MP133FAG7, STM32MP135AAE3, STM32MP135AAF3, STM32MP135AAG3, STM32MP135CAE3, STM32MP135CAF3, STM32MP135CAG3, STM32MP135DAE7, STM32MP135DAF7, STM32MP135DAG7, STM32MP135F-DK, STM32MP135FAE7, STM32MP135FAF7, STM32MP135FAG7, STM32U595ZJT6Q, STM32U599BJY6QTR, STM32U599NIH6Q, STM32U599NJH6Q, STM32U5A5ZJT6Q, STM32U5A9BJY6QTR, STM32U5A9NJH6Q, STM32WB1MMCH6]
2024-01-16 20:43:38,573 [INFO] DbMcus:215 - Found 3852 MCUs, 3852 are supported
2024-01-16 20:43:38,593 [INFO] ApiDb:418 - Load user favorites file C:\Users\Usuario/.stm32cubeide/favorites.mcus.txt: 0 item(s)
2024-01-16 20:43:38,593 [INFO] ApiDb:422 - User favorites MCUs=[]
2024-01-16 20:43:38,593 [INFO] DbMcus:221 - Set 0 / 0 favorites MCUs
2024-01-16 20:43:43,414 [INFO] LoadUrlFilesThread:177 - End of LoadServerUrlFiles without Thread
2024-01-16 20:43:43,785 [INFO] DetailPanel:339 - Set advertising image to C:/Users/Usuario/STM32Cube/Repository/\en.prom-stm32wl3-mcu-finder.jpg
2024-01-16 20:43:47,143 [INFO] MultiScanPanel:778 - Auto Refresh Data is not needed
2024-01-16 20:43:47,516 [INFO] ApiDb:663 - CubeFinder database Data Model version=2.1
2024-01-16 20:43:48,414 [INFO] ApiDb:664 - CubeFinder database Configuration version=3.0.39
2024-01-16 20:43:48,414 [INFO] ApiDb:665 - CubeFinder database generation date=2023-12-08 (1702028721)
2024-01-16 20:43:48,414 [INFO] ApiDb:666 - CubeFinder database FW Pack versions=[FP-ATR-ASTRA1_V2.0.0, FP-SNS-FLIGHT1_V5.0.1, FP-SNS-FLIGHT1_V5.0.2, FP-SNS-MOTENV1_V4.3.1, FP-SNS-MOTENV1_V4.3.2, FP-SNS-MOTENVWB1_V1.3.1, FP-SNS-SMARTAG2_V1.2.0, STM32Cube_FW_C0_V1.1.0, STM32Cube_FW_F4_V1.28.0, STM32Cube_FW_F7_V1.17.0, STM32Cube_FW_G0_V1.6.1, STM32Cube_FW_G4_V1.5.1, STM32Cube_FW_H5_V0.5.1, STM32Cube_FW_H5_V1.1.1, STM32Cube_FW_H5_V1.2.0RC2, STM32Cube_FW_H7_V1.11.0, STM32Cube_FW_L0_V1.12.2, STM32Cube_FW_L5_V1.5.0, STM32Cube_FW_U5_V1.3.0RC4, STM32Cube_FW_U5_V1.4.0, STM32Cube_FW_WBA_V1.0.0RC1, STM32Cube_FW_WBA_V1.1.0RC1, STM32Cube_FW_WBA_V1.2.0, STM32Cube_FW_WBA_V1.2.0RC2, STM32Cube_FW_WB_V1.15.0RC1, STM32Cube_FW_WB_V1.16.0, STM32Cube_FW_WB_V1.16.0RC2, STM32Cube_FW_WB_V1.18.0, STM32Cube_FW_WL_V1.3.0, X-CUBE-ALGOBUILD_V1.3.0, X-CUBE-ALS_V1.0.1, X-CUBE-AZRTOS-F4_V1.1.0, X-CUBE-AZRTOS-F7_V1.1.0, X-CUBE-AZRTOS-G0_V1.1.0, X-CUBE-AZRTOS-G4_V2.0.0, X-CUBE-AZRTOS-H7_V3.1.0, X-CUBE-AZRTOS-L4_V1.0.0, X-CUBE-AZRTOS-L4_V2.0.0, X-CUBE-AZRTOS-L5_V1.1.0, X-CUBE-AZRTOS-WB_V2.0.0, X-CUBE-AZRTOS-WL_V2.0.0, X-CUBE-BLE1_V7.0.0, X-CUBE-BLE2_V3.3.0, X-CUBE-BLEMGR_V3.0.0, X-CUBE-EEPRMA1_V4.1.0, X-CUBE-EEPRMA1_V4.2.0, X-CUBE-FREERTOS_V1.1.0, X-CUBE-GNSS1_V6.0.0, X-CUBE-MEMS1_V10.0.0, X-CUBE-MEMS1_V9.1.0, X-CUBE-MEMS1_V9.4.0, X-CUBE-MEMS1_V9.6.0, X-CUBE-NFC4_V3.0.0, X-CUBE-NFC7_V1.0.1, X-CUBE-SFXS2LP1_V4.0.0, X-CUBE-SUBG2_V5.0.0, X-CUBE-TOF1_V3.4.0]
2024-01-16 20:43:53,849 [INFO] DbBoardsSqlite:227 - include board P-NUCLEO-WB55-NUCLEO as a kit item of type 'Nucleo-64'
2024-01-16 20:43:53,865 [INFO] DbBoardsSqlite:227 - include board P-NUCLEO-WB55-USBDONGLE as a kit item of type 'Nucleo USB Dongle'
2024-01-16 20:43:53,865 [INFO] DbBoardsSqlite:227 - include board STEVAL-IDP005V1 as a kit item of type 'Evaluation Board'
2024-01-16 20:43:53,865 [INFO] DbBoardsSqlite:227 - include board STEVAL-IDP005V2 as a kit item of type 'Evaluation Board'
2024-01-16 20:43:56,996 [INFO] ApiDb:239 - Found 138 in-development CPN: [B-WB1M-WPAN1, NUCLEO-C031C6, STEVAL-STWINBX1, STM320518-EVAL, STM32C0116-DK, STM32C011D6Y3TR, STM32C011D6Y6TR, STM32C011F4P3, STM32C011F4P6, STM32C011F4U3, STM32C011F4U6TR, STM32C011F6P3, STM32C011F6P6, STM32C011F6U3, STM32C011F6U6TR, STM32C011J4M3, STM32C011J4M6, STM32C011J6M3, STM32C011J6M6, STM32C0316-DK, STM32C031C4T3, STM32C031C4T6, STM32C031C4U3, STM32C031C4U6, STM32C031C6T3, STM32C031C6T6, STM32C031C6U3, STM32C031C6U6, STM32C031F4P3, STM32C031F4P6, STM32C031F6P3, STM32C031F6P6, STM32C031G4U3, STM32C031G4U6, STM32C031G6U3, STM32C031G6U6, STM32C031K4T3, STM32C031K4T6, STM32C031K4U3, STM32C031K4U6, STM32C031K6T3, STM32C031K6T6, STM32C031K6U3, STM32C031K6U6, STM32G071K8TXN, STM32G071K8UXN, STM32G081GBU6N, STM32G081KBT6N, STM32G081KBUXN, STM32G0B1CCT6N, STM32G0B1KCT6, STM32G0B1NEY6TR, STM32G0B1RCT6N, STM32G0C1CCT6, STM32G0C1CCT6N, STM32G0C1CCU6N, STM32G0C1CET6N, STM32G0C1CEU6N, STM32G0C1KCT6, STM32G0C1NEY6TR, STM32G0C1RCI6N, STM32G0C1RCT6N, STM32G0C1REI6N, STM32G0C1RET6N, STM32G0C1VCI6, STM32G0C1VEI6, STM32G471CCT6, STM32G471CCU6, STM32G471CET3, STM32G471CET6, STM32G471CEU3, STM32G471CEU6, STM32G471MCT6, STM32G471MET3, STM32G471MET6, STM32G471MEY6TR, STM32G471QCT6, STM32G471QET3, STM32G471RCT6, STM32G471RET3, STM32G471RET6, STM32G471VCH6, STM32G471VCI6, STM32G471VCT6, STM32G471VEH3, STM32G471VEH6, STM32G471VEI3, STM32G471VEI6, STM32G471VET3, STM32G471VET6, STM32G474CCT6, STM32L476VGY6PTR, STM32L4R5QGI6STR, STM32MP131AAE3, STM32MP131AAF3, STM32MP131AAG3, STM32MP131CAE3, STM32MP131CAF3, STM32MP131CAG3, STM32MP131DAE7, STM32MP131DAF7, STM32MP131DAG7, STM32MP131FAE7, STM32MP131FAF7, STM32MP131FAG7, STM32MP133AAE3, STM32MP133AAF3, STM32MP133AAG3, STM32MP133CAE3, STM32MP133CAF3, STM32MP133CAG3, STM32MP133DAE7, STM32MP133DAF7, STM32MP133DAG7, STM32MP133FAE7, STM32MP133FAF7, STM32MP133FAG7, STM32MP135AAE3, STM32MP135AAF3, STM32MP135AAG3, STM32MP135CAE3, STM32MP135CAF3, STM32MP135CAG3, STM32MP135DAE7, STM32MP135DAF7, STM32MP135DAG7, STM32MP135F-DK, STM32MP135FAE7, STM32MP135FAF7, STM32MP135FAG7, STM32U595ZJT6Q, STM32U599BJY6QTR, STM32U599NIH6Q, STM32U599NJH6Q, STM32U5A5ZJT6Q, STM32U5A9BJY6QTR, STM32U5A9NJH6Q, STM32WB1MMCH6]
2024-01-16 20:43:58,876 [INFO] BoardInfo:879 - No configuration file found for board NUCLEO-H503RB
2024-01-16 20:43:58,876 [INFO] DbBoards:156 - Board is not supported: NUCLEO-H503RB
2024-01-16 20:43:58,876 [INFO] BoardInfo:879 - No configuration file found for board NUCLEO-H563ZI
2024-01-16 20:43:58,876 [INFO] DbBoards:156 - Board is not supported: NUCLEO-H563ZI
2024-01-16 20:43:58,987 [INFO] BoardInfo:879 - No configuration file found for board NUCLEO-U545RE-Q
2024-01-16 20:43:58,987 [INFO] DbBoards:156 - Board is not supported: NUCLEO-U545RE-Q
2024-01-16 20:43:58,997 [INFO] BoardInfo:879 - No configuration file found for board NUCLEO-U5A5ZJ-Q
2024-01-16 20:43:58,997 [INFO] DbBoards:156 - Board is not supported: NUCLEO-U5A5ZJ-Q
2024-01-16 20:43:59,007 [INFO] BoardInfo:879 - No configuration file found for board NUCLEO-WBA52CG
2024-01-16 20:43:59,007 [INFO] DbBoards:156 - Board is not supported: NUCLEO-WBA52CG
2024-01-16 20:43:59,026 [INFO] BoardInfo:879 - No configuration file found for board P-NUCLEO-WB55
2024-01-16 20:43:59,026 [INFO] DbBoards:156 - Kit is not supported: P-NUCLEO-WB55
2024-01-16 20:43:59,036 [INFO] BoardInfo:879 - No configuration file found for board STEVAL-BFA001V1B
2024-01-16 20:43:59,036 [INFO] DbBoards:156 - Kit is not supported: STEVAL-BFA001V1B
2024-01-16 20:43:59,038 [INFO] BoardInfo:879 - No configuration file found for board STEVAL-BFA001V2B
2024-01-16 20:43:59,038 [INFO] DbBoards:156 - Kit is not supported: STEVAL-BFA001V2B
2024-01-16 20:43:59,048 [INFO] BoardInfo:879 - No configuration file found for board STEVAL-MKBOXPRO
2024-01-16 20:43:59,048 [INFO] DbBoards:156 - Board is not supported: STEVAL-MKBOXPRO
2024-01-16 20:43:59,048 [INFO] BoardInfo:879 - No configuration file found for board STEVAL-PROTEUS1
2024-01-16 20:43:59,048 [INFO] DbBoards:156 - Board is not supported: STEVAL-PROTEUS1
2024-01-16 20:43:59,058 [INFO] BoardInfo:879 - No configuration file found for board STEVAL-SMARTAG2
2024-01-16 20:43:59,058 [INFO] DbBoards:156 - Board is not supported: STEVAL-SMARTAG2
2024-01-16 20:43:59,300 [INFO] BoardInfo:879 - No configuration file found for board STM32H573I-DK
2024-01-16 20:43:59,300 [INFO] DbBoards:156 - Board is not supported: STM32H573I-DK
2024-01-16 20:43:59,380 [INFO] BoardInfo:879 - No configuration file found for board STM32U5A9J-DK
2024-01-16 20:43:59,380 [INFO] DbBoards:156 - Board is not supported: STM32U5A9J-DK
2024-01-16 20:43:59,388 [INFO] DbBoards:160 - Found 187 boards, 174 are supported
2024-01-16 20:43:59,441 [INFO] ApiDb:409 - User favorites file not found: C:\Users\Usuario/.stm32cubeide/favorites.boards.txt
2024-01-16 20:43:59,441 [INFO] DbBoards:189 - Set 0 / 0 favorites Boards
2024-01-16 20:46:35,885 [INFO] MainUpdater:2768 - connection check result : 10
2024-01-16 20:46:35,885 [INFO] MainUpdater:2768 - connection check result : 10
2024-01-16 20:46:36,101 [INFO] MicroXplorer:451 - Change Database Path : 
2024-01-16 20:46:36,101 [INFO] MicroXplorer:481 - Change Database Version : DB.6.0.60
2024-01-16 20:46:36,101 [WARN] ThirdParty:827 - waiting for thirdparty lock release [close project]
2024-01-16 20:46:36,101 [INFO] ThirdParty:829 - entering critical section [close project]
2024-01-16 20:46:36,101 [INFO] ThirdParty:839 - exiting critical section [close project]
2024-01-16 20:46:36,117 [INFO] PinOutPanel:1468 - setPackage(No Configuration,No Configuration)
2024-01-16 20:46:36,117 [INFO] UtilMem:74 - Begin LoadConfig() Used Memory: 642175200 Bytes (784334848)
2024-01-16 20:46:36,132 [INFO] MicroXplorer:451 - Change Database Path : 
2024-01-16 20:46:36,132 [INFO] MicroXplorer:481 - Change Database Version : DB.6.0.60
2024-01-16 20:46:36,132 [INFO] OpenFileManager:307 - Change cursor
2024-01-16 20:46:37,498 [INFO] Mcu:1922 - Initializing MCU STM32F103C8Tx STM32F103C8Tx 
2024-01-16 20:46:37,498 [INFO] Mcu:1935 - No CPN specified => set CPN to STM32F103C8T6
2024-01-16 20:46:39,736 [INFO] Context:654 - Trying to add GPIOservice into a context  which must be forbidden
2024-01-16 20:46:40,299 [INFO] ImportTextPane:193 - (OptionalMessage_ERROR) Unable to find key (Mcu.ThirdPartyNb) in loaded IOC file
2024-01-16 20:46:40,299 [INFO] ImportTextPane:193 - (OptionalMessage_ERROR) Unable to find key (Mcu.PinsNb) in loaded IOC file
2024-01-16 20:46:40,299 [INFO] ImportTextPane:193 - (OptionalMessage_ERROR) Unable to find key (Mcu.IPNb) in loaded IOC file
2024-01-16 20:46:40,491 [WARN] ApiManager:308 - Cannot register API 'Board Extension:GNSS1A1' from pack STMicroelectronics.X-CUBE-GNSS1.6.0.0: no header file found
2024-01-16 20:46:40,491 [WARN] ApiManager:308 - Cannot register API 'Board Support:Custom' from pack STMicroelectronics.X-CUBE-GNSS1.6.0.0: no header file found
2024-01-16 20:46:40,491 [WARN] ApiManager:308 - Cannot register API 'Data Exchange:lib_gnss' from pack STMicroelectronics.X-CUBE-GNSS1.6.0.0: no header file found
2024-01-16 20:46:40,864 [WARN] ApiManager:308 - Cannot register API 'Board Extension:IKS01A3' from pack STMicroelectronics.X-CUBE-MEMS1.9.2.0: no header file found
2024-01-16 20:46:40,864 [WARN] ApiManager:308 - Cannot register API 'Board Extension:IKS01A2' from pack STMicroelectronics.X-CUBE-MEMS1.9.2.0: no header file found
2024-01-16 20:46:40,864 [WARN] ApiManager:308 - Cannot register API 'Board Extension:IKS02A1' from pack STMicroelectronics.X-CUBE-MEMS1.9.2.0: no header file found
2024-01-16 20:46:41,297 [WARN] ApiManager:308 - Cannot register API 'Board Extension:IKS01A3' from pack STMicroelectronics.X-CUBE-MEMS1.9.6.0: no header file found
2024-01-16 20:46:41,297 [WARN] ApiManager:308 - Cannot register API 'Board Extension:IKS01A2' from pack STMicroelectronics.X-CUBE-MEMS1.9.6.0: no header file found
2024-01-16 20:46:41,297 [WARN] ApiManager:308 - Cannot register API 'Board Extension:IKS02A1' from pack STMicroelectronics.X-CUBE-MEMS1.9.6.0: no header file found
2024-01-16 20:46:41,307 [WARN] ApiManager:308 - Cannot register API 'Board Extension:EEPRMA2' from pack STMicroelectronics.X-CUBE-EEPRMA1.4.2.0: no header file found
2024-01-16 20:46:41,307 [WARN] ApiManager:308 - Cannot register API 'Board Extension:PGEEZ1' from pack STMicroelectronics.X-CUBE-EEPRMA1.4.2.0: no header file found
2024-01-16 20:46:41,307 [WARN] ApiManager:308 - Cannot register API 'Board Part:M24' from pack STMicroelectronics.X-CUBE-EEPRMA1.4.2.0: no header file found
2024-01-16 20:46:41,307 [WARN] ApiManager:308 - Cannot register API 'Board Part:M95' from pack STMicroelectronics.X-CUBE-EEPRMA1.4.2.0: no header file found
2024-01-16 20:46:41,307 [WARN] ApiManager:308 - Cannot register API 'Board Part:M95P32' from pack STMicroelectronics.X-CUBE-EEPRMA1.4.2.0: no header file found
2024-01-16 20:46:41,307 [WARN] ApiManager:308 - Cannot register API 'PGEEZ1:SPI' from pack STMicroelectronics.X-CUBE-EEPRMA1.4.2.0: no header file found
2024-01-16 20:46:41,307 [WARN] ApiManager:308 - Cannot register API 'PGEEZ1:QDSPI' from pack STMicroelectronics.X-CUBE-EEPRMA1.4.2.0: no header file found
2024-01-16 20:46:41,315 [WARN] ApiManager:308 - Cannot register API 'Wireless:BlueNRG-MS' from pack STMicroelectronics.X-CUBE-BLE1.6.2.3: no header file found
2024-01-16 20:46:41,315 [WARN] ApiManager:308 - Cannot register API 'Wireless:BlueNRG-MS' from pack STMicroelectronics.X-CUBE-BLE1.6.2.4: no header file found
2024-01-16 20:46:41,317 [INFO] RtosManager:488 - Registered RTOS mode: class=CMSIS, group=RTOS, mode=CMSIS_V1, owner=FREERTOS
2024-01-16 20:46:41,317 [INFO] RtosManager:488 - Registered RTOS mode: class=CMSIS, group=RTOS2, mode=CMSIS_V2, owner=FREERTOS
2024-01-16 20:46:41,317 [INFO] RtosManager:488 - Registered RTOS mode: class=RTOS, group=Core, mode=CMSIS_V1, owner=FREERTOS
2024-01-16 20:46:41,317 [INFO] RtosManager:488 - Registered RTOS mode: class=RTOS, group=Core, mode=CMSIS_V2, owner=FREERTOS
2024-01-16 20:46:41,317 [WARN] ModelIntegratedComponent:185 - Missing modes for component STMicroelectronics:FreeRTOS:0.0.1:STMicroelectronics:RTOS:FreeRTOS:Core:::10.2.0:
2024-01-16 20:46:41,317 [WARN] ApiManager:308 - Cannot register API 'Board Extension:NFC04A1' from pack STMicroelectronics.X-CUBE-NFC4.2.0.5: no header file found
2024-01-16 20:46:41,317 [WARN] ApiManager:308 - Cannot register API 'Wireless:BlueNRG-2' from pack STMicroelectronics.X-CUBE-BLE2.3.2.2: no header file found
2024-01-16 20:46:41,317 [WARN] ApiManager:308 - Cannot register API 'Board Extension:NFC04A1' from pack STMicroelectronics.X-CUBE-NFC4.2.0.4: no header file found
2024-01-16 20:46:41,327 [WARN] ApiManager:308 - Cannot register API 'Board Extension:S2868A1' from pack STMicroelectronics.X-CUBE-SFXS2LP1.3.1.0: no header file found
2024-01-16 20:46:41,327 [WARN] ApiManager:308 - Cannot register API 'Board Extension:S2868A2' from pack STMicroelectronics.X-CUBE-SFXS2LP1.3.1.0: no header file found
2024-01-16 20:46:41,327 [WARN] ApiManager:308 - Cannot register API 'Board Extension:S2915A1' from pack STMicroelectronics.X-CUBE-SFXS2LP1.3.1.0: no header file found
2024-01-16 20:46:41,327 [WARN] ApiManager:308 - Cannot register API 'Wireless:BlueNRG-MS' from pack STMicroelectronics.X-CUBE-BLE1.7.0.0: no header file found
2024-01-16 20:46:41,335 [WARN] ModelIntegratedComponent:64 - No mode defined for component null
2024-01-16 20:46:41,335 [WARN] ModelIntegratedComponent:64 - No mode defined for component null
2024-01-16 20:46:41,335 [WARN] ModelIntegratedComponent:64 - No mode defined for component null
2024-01-16 20:46:41,335 [WARN] ModelIntegratedComponent:64 - No mode defined for component null
2024-01-16 20:46:41,335 [WARN] ModelIntegratedComponent:64 - No mode defined for component null
2024-01-16 20:46:41,335 [WARN] ModelIntegratedComponent:64 - No mode defined for component null
2024-01-16 20:46:41,335 [WARN] ModelIntegratedComponent:64 - No mode defined for component null
2024-01-16 20:46:41,335 [WARN] ModelIntegratedComponent:64 - No mode defined for component null
2024-01-16 20:46:41,335 [WARN] ModelIntegratedComponent:64 - No mode defined for component null
2024-01-16 20:46:41,335 [WARN] ModelIntegratedComponent:64 - No mode defined for component null
2024-01-16 20:46:41,335 [WARN] ModelIntegratedComponent:64 - No mode defined for component null
2024-01-16 20:46:41,335 [WARN] ModelIntegratedComponent:64 - No mode defined for component null
2024-01-16 20:46:41,335 [WARN] ModelIntegratedComponent:64 - No mode defined for component null
2024-01-16 20:46:41,335 [WARN] ModelIntegratedComponent:64 - No mode defined for component null
2024-01-16 20:46:41,337 [WARN] ModelIntegratedComponent:64 - No mode defined for component null
2024-01-16 20:46:41,337 [WARN] ModelIntegratedComponent:64 - No mode defined for component null
2024-01-16 20:46:41,337 [WARN] ModelIntegratedComponent:64 - No mode defined for component null
2024-01-16 20:46:41,337 [WARN] ModelIntegratedComponent:64 - No mode defined for component null
2024-01-16 20:46:41,337 [WARN] ModelIntegratedComponent:64 - No mode defined for component null
2024-01-16 20:46:41,337 [WARN] ModelIntegratedComponent:64 - No mode defined for component null
2024-01-16 20:46:41,337 [WARN] ModelIntegratedComponent:64 - No mode defined for component null
2024-01-16 20:46:41,337 [WARN] ModelIntegratedComponent:64 - No mode defined for component null
2024-01-16 20:46:41,337 [WARN] ModelIntegratedComponent:64 - No mode defined for component null
2024-01-16 20:46:41,337 [WARN] ModelIntegratedComponent:64 - No mode defined for component null
2024-01-16 20:46:41,337 [WARN] ModelIntegratedComponent:64 - No mode defined for component null
2024-01-16 20:46:41,337 [WARN] ModelIntegratedComponent:64 - No mode defined for component null
2024-01-16 20:46:41,337 [WARN] ModelIntegratedComponent:64 - No mode defined for component null
2024-01-16 20:46:41,337 [WARN] ModelIntegratedComponent:64 - No mode defined for component null
2024-01-16 20:46:41,337 [WARN] ModelIntegratedComponent:64 - No mode defined for component null
2024-01-16 20:46:41,337 [WARN] ModelIntegratedComponent:64 - No mode defined for component null
2024-01-16 20:46:41,337 [WARN] ModelIntegratedComponent:64 - No mode defined for component null
2024-01-16 20:46:41,337 [WARN] ModelIntegratedComponent:64 - No mode defined for component null
2024-01-16 20:46:41,337 [WARN] ModelIntegratedComponent:64 - No mode defined for component null
2024-01-16 20:46:41,337 [WARN] ApiManager:308 - Cannot register API 'Board Extension:NFC07A1' from pack STMicroelectronics.X-CUBE-NFC7.1.0.1: no header file found
2024-01-16 20:46:41,337 [WARN] ApiManager:308 - Cannot register API 'Board Extension:NFC07A1' from pack STMicroelectronics.X-CUBE-NFC7.1.0.0: no header file found
2024-01-16 20:46:41,337 [WARN] ApiManager:308 - Cannot register API 'Board Extension:NFC06A1' from pack STMicroelectronics.X-CUBE-NFC6.3.0.0: no header file found
2024-01-16 20:46:41,337 [WARN] ApiManager:308 - Cannot register API 'Board Extension:NFC08A1' from pack STMicroelectronics.X-CUBE-NFC6.3.0.0: no header file found
2024-01-16 20:46:41,499 [WARN] ApiManager:308 - Cannot register API 'Board Extension:IKS01A3' from pack STMicroelectronics.X-CUBE-MEMS1.9.3.0: no header file found
2024-01-16 20:46:41,499 [WARN] ApiManager:308 - Cannot register API 'Board Extension:IKS01A2' from pack STMicroelectronics.X-CUBE-MEMS1.9.3.0: no header file found
2024-01-16 20:46:41,499 [WARN] ApiManager:308 - Cannot register API 'Board Extension:IKS02A1' from pack STMicroelectronics.X-CUBE-MEMS1.9.3.0: no header file found
2024-01-16 20:46:41,509 [WARN] ApiManager:308 - Cannot register API 'Board Extension:EEPRMA1' from pack STMicroelectronics.X-CUBE-EEPRMA1.4.1.0: no header file found
2024-01-16 20:46:41,509 [WARN] ApiManager:308 - Cannot register API 'Board Extension:EEPRMA2' from pack STMicroelectronics.X-CUBE-EEPRMA1.4.1.0: no header file found
2024-01-16 20:46:41,509 [WARN] ApiManager:308 - Cannot register API 'Board Extension:PGEEZ1' from pack STMicroelectronics.X-CUBE-EEPRMA1.4.1.0: no header file found
2024-01-16 20:46:41,509 [WARN] ApiManager:308 - Cannot register API 'Board Part:M24' from pack STMicroelectronics.X-CUBE-EEPRMA1.4.1.0: no header file found
2024-01-16 20:46:41,509 [WARN] ApiManager:308 - Cannot register API 'Board Part:M95' from pack STMicroelectronics.X-CUBE-EEPRMA1.4.1.0: no header file found
2024-01-16 20:46:41,509 [WARN] ApiManager:308 - Cannot register API 'Board Part:M95P32' from pack STMicroelectronics.X-CUBE-EEPRMA1.4.1.0: no header file found
2024-01-16 20:46:41,509 [WARN] ApiManager:308 - Cannot register API 'PGEEZ1:SPI' from pack STMicroelectronics.X-CUBE-EEPRMA1.4.1.0: no header file found
2024-01-16 20:46:41,509 [WARN] ApiManager:308 - Cannot register API 'PGEEZ1:QDSPI' from pack STMicroelectronics.X-CUBE-EEPRMA1.4.1.0: no header file found
2024-01-16 20:46:41,517 [WARN] ApiManager:308 - Cannot register API 'Board Extension:S2868A1' from pack STMicroelectronics.X-CUBE-SFXS2LP1.4.0.0: no header file found
2024-01-16 20:46:41,517 [WARN] ApiManager:308 - Cannot register API 'Board Extension:S2868A2' from pack STMicroelectronics.X-CUBE-SFXS2LP1.4.0.0: no header file found
2024-01-16 20:46:41,517 [WARN] ApiManager:308 - Cannot register API 'Board Extension:S2915A1' from pack STMicroelectronics.X-CUBE-SFXS2LP1.4.0.0: no header file found
2024-01-16 20:46:41,519 [WARN] ApiManager:308 - Cannot register API 'Wireless:BlueNRG-2' from pack STMicroelectronics.X-CUBE-BLE2.3.3.0: no header file found
2024-01-16 20:46:41,660 [WARN] ApiManager:308 - Cannot register API 'Board Extension:IKS01A3' from pack STMicroelectronics.X-CUBE-MEMS1.9.4.0: no header file found
2024-01-16 20:46:41,660 [WARN] ApiManager:308 - Cannot register API 'Board Extension:IKS01A2' from pack STMicroelectronics.X-CUBE-MEMS1.9.4.0: no header file found
2024-01-16 20:46:41,660 [WARN] ApiManager:308 - Cannot register API 'Board Extension:IKS02A1' from pack STMicroelectronics.X-CUBE-MEMS1.9.4.0: no header file found
2024-01-16 20:46:41,670 [WARN] ApiManager:308 - Cannot register API 'Board Extension:NFC04A1' from pack STMicroelectronics.X-CUBE-NFC4.3.0.0: no header file found
2024-01-16 20:46:41,680 [WARN] ApiManager:308 - Cannot register API 'Board Extension:S2868A1' from pack STMicroelectronics.X-CUBE-SUBG2.5.0.0: no header file found
2024-01-16 20:46:41,680 [WARN] ApiManager:308 - Cannot register API 'Board Extension:S2868A2' from pack STMicroelectronics.X-CUBE-SUBG2.5.0.0: no header file found
2024-01-16 20:46:41,680 [WARN] ApiManager:308 - Cannot register API 'Board Extension:S2915A1' from pack STMicroelectronics.X-CUBE-SUBG2.5.0.0: no header file found
2024-01-16 20:46:41,912 [WARN] ApiManager:308 - Cannot register API 'Board Extension:IKS01A3' from pack STMicroelectronics.X-CUBE-MEMS1.10.0.0: no header file found
2024-01-16 20:46:41,912 [WARN] ApiManager:308 - Cannot register API 'Board Extension:IKS02A1' from pack STMicroelectronics.X-CUBE-MEMS1.10.0.0: no header file found
2024-01-16 20:46:41,912 [WARN] ApiManager:308 - Cannot register API 'Board Extension:IKS4A1' from pack STMicroelectronics.X-CUBE-MEMS1.10.0.0: no header file found
2024-01-16 20:46:42,093 [WARN] ApiManager:308 - Cannot register API 'Board Extension:IKS01A3' from pack STMicroelectronics.X-CUBE-MEMS1.9.5.0: no header file found
2024-01-16 20:46:42,093 [WARN] ApiManager:308 - Cannot register API 'Board Extension:IKS01A2' from pack STMicroelectronics.X-CUBE-MEMS1.9.5.0: no header file found
2024-01-16 20:46:42,093 [WARN] ApiManager:308 - Cannot register API 'Board Extension:IKS02A1' from pack STMicroelectronics.X-CUBE-MEMS1.9.5.0: no header file found
2024-01-16 20:46:42,103 [WARN] ApiManager:308 - Cannot register API 'Board Extension:EEPRMA1' from pack STMicroelectronics.X-CUBE-EEPRMA1.3.1.1: no header file found
2024-01-16 20:46:42,103 [WARN] ApiManager:308 - Cannot register API 'Board Extension:EEPRMA2' from pack STMicroelectronics.X-CUBE-EEPRMA1.3.1.1: no header file found
2024-01-16 20:46:42,103 [WARN] ApiManager:308 - Cannot register API 'Board Extension:GNSS1A1' from pack STMicroelectronics.X-CUBE-GNSS1.5.2.0: no header file found
2024-01-16 20:46:42,103 [WARN] ApiManager:308 - Cannot register API 'Board Support:Custom' from pack STMicroelectronics.X-CUBE-GNSS1.5.2.0: no header file found
2024-01-16 20:46:42,103 [WARN] ApiManager:308 - Cannot register API 'Data Exchange:lib_gnss' from pack STMicroelectronics.X-CUBE-GNSS1.5.2.0: no header file found
2024-01-16 20:46:42,124 [INFO] ThirdPartyModel:289 - Start build external matchings
2024-01-16 20:46:47,741 [INFO] ThirdPartyModel:302 - End build external matchings
2024-01-16 20:46:48,314 [INFO] UtilMem:74 - End LoadConfig() Used Memory: 592995200 Bytes (784334848)
2024-01-16 20:46:48,444 [WARN] ThirdParty:789 - waiting for thirdparty lock release [change project]
2024-01-16 20:46:48,444 [INFO] ThirdParty:791 - entering critical section [change project]
2024-01-16 20:46:48,444 [INFO] ThirdParty:981 - CMSIS Pack Vendor :wolfSSL I-CUBE-wolfSSL 5.2.0
2024-01-16 20:46:48,444 [INFO] ThirdParty:981 - CMSIS Pack Vendor :STMicroelectronics X-CUBE-GNSS1 6.0.0
2024-01-16 20:46:48,444 [INFO] ThirdParty:981 - CMSIS Pack Vendor :STMicroelectronics USB_HOST 2.0.0
2024-01-16 20:46:48,444 [INFO] ThirdParty:981 - CMSIS Pack Vendor :STMicroelectronics X-CUBE-AZRTOS-F4 1.1.0
2024-01-16 20:46:48,444 [INFO] ThirdParty:981 - CMSIS Pack Vendor :STMicroelectronics LIBJPEG 8.0.0
2024-01-16 20:46:48,444 [INFO] ThirdParty:981 - CMSIS Pack Vendor :STMicroelectronics X-CUBE-SMBUS 2.1.0
2024-01-16 20:46:48,444 [INFO] ThirdParty:981 - CMSIS Pack Vendor :STMicroelectronics X-CUBE-TOUCHGFX 4.23.0
2024-01-16 20:46:48,444 [INFO] ThirdParty:981 - CMSIS Pack Vendor :STMicroelectronics X-CUBE-MEMS1 9.2.0
2024-01-16 20:46:48,444 [INFO] ThirdParty:981 - CMSIS Pack Vendor :STMicroelectronics X-CUBE-BLEMGR 1.2.0
2024-01-16 20:46:48,444 [INFO] ThirdParty:981 - CMSIS Pack Vendor :STMicroelectronics X-CUBE-AZRTOS-F7 1.1.0
2024-01-16 20:46:48,444 [INFO] ThirdParty:981 - CMSIS Pack Vendor :STMicroelectronics X-CUBE-AZRTOS-L5 2.0.0
2024-01-16 20:46:48,444 [INFO] ThirdParty:981 - CMSIS Pack Vendor :STMicroelectronics USB_DEVICE 2.0.0
2024-01-16 20:46:48,444 [INFO] ThirdParty:981 - CMSIS Pack Vendor :STMicroelectronics X-CUBE-MEMS1 9.6.0
2024-01-16 20:46:48,444 [INFO] ThirdParty:981 - CMSIS Pack Vendor :STMicroelectronics X-CUBE-EEPRMA1 4.2.0
2024-01-16 20:46:48,444 [INFO] ThirdParty:981 - CMSIS Pack Vendor :ITTIA_DB I-CUBE-ITTIADB 8.8.0
2024-01-16 20:46:48,444 [INFO] ThirdParty:981 - CMSIS Pack Vendor :STMicroelectronics X-CUBE-AI 7.1.0
2024-01-16 20:46:48,444 [INFO] ThirdParty:981 - CMSIS Pack Vendor :STMicroelectronics X-CUBE-TOUCHGFX 4.19.1
2024-01-16 20:46:48,444 [INFO] ThirdParty:981 - CMSIS Pack Vendor :STMicroelectronics FP-SNS-MOTENV1 4.3.2
2024-01-16 20:46:48,446 [INFO] ThirdParty:981 - CMSIS Pack Vendor :STMicroelectronics FP-SNS-MOTENV1 4.3.1
2024-01-16 20:46:48,446 [INFO] ThirdParty:981 - CMSIS Pack Vendor :STMicroelectronics FP-SNS-FLIGHT1 5.0.1
2024-01-16 20:46:48,446 [INFO] ThirdParty:981 - CMSIS Pack Vendor :STMicroelectronics X-CUBE-BLE1 6.2.3
2024-01-16 20:46:48,446 [INFO] ThirdParty:981 - CMSIS Pack Vendor :STMicroelectronics X-CUBE-BLE1 6.2.4
2024-01-16 20:46:48,446 [INFO] ThirdParty:981 - CMSIS Pack Vendor :STMicroelectronics FreeRTOS 0.0.1
2024-01-16 20:46:48,446 [INFO] ThirdParty:981 - CMSIS Pack Vendor :STMicroelectronics X-CUBE-BLEMGR 2.0.0
2024-01-16 20:46:48,446 [INFO] ThirdParty:981 - CMSIS Pack Vendor :STMicroelectronics FP-SNS-FLIGHT1 5.0.2
2024-01-16 20:46:48,446 [INFO] ThirdParty:981 - CMSIS Pack Vendor :STMicroelectronics X-CUBE-NFC4 2.0.5
2024-01-16 20:46:48,446 [INFO] ThirdParty:981 - CMSIS Pack Vendor :STMicroelectronics X-CUBE-BLE2 3.2.2
2024-01-16 20:46:48,446 [INFO] ThirdParty:981 - CMSIS Pack Vendor :STMicroelectronics X-CUBE-NFC4 2.0.4
2024-01-16 20:46:48,446 [INFO] ThirdParty:981 - CMSIS Pack Vendor :STMicroelectronics X-CUBE-AZRTOS-H7 3.1.0
2024-01-16 20:46:48,446 [INFO] ThirdParty:981 - CMSIS Pack Vendor :STMicroelectronics PDM2PCM 3.3.0
2024-01-16 20:46:48,446 [INFO] ThirdParty:981 - CMSIS Pack Vendor :STMicroelectronics X-CUBE-TOF1 3.1.0
2024-01-16 20:46:48,446 [INFO] ThirdParty:981 - CMSIS Pack Vendor :STMicroelectronics X-CUBE-SFXS2LP1 3.1.0
2024-01-16 20:46:48,446 [INFO] ThirdParty:981 - CMSIS Pack Vendor :STMicroelectronics X-CUBE-DISPLAY 3.0.0
2024-01-16 20:46:48,446 [INFO] ThirdParty:981 - CMSIS Pack Vendor :STMicroelectronics X-CUBE-AZRTOS-F4 1.0.0
2024-01-16 20:46:48,446 [INFO] ThirdParty:981 - CMSIS Pack Vendor :STMicroelectronics X-CUBE-BLE1 7.0.0
2024-01-16 20:46:48,446 [INFO] ThirdParty:981 - CMSIS Pack Vendor :STMicroelectronics HAL Drivers 0.0.0
2024-01-16 20:46:48,446 [INFO] ThirdParty:981 - CMSIS Pack Vendor :STMicroelectronics X-CUBE-TOUCHGFX 4.22.0
2024-01-16 20:46:48,446 [INFO] ThirdParty:981 - CMSIS Pack Vendor :STMicroelectronics X-CUBE-NFC7 1.0.1
2024-01-16 20:46:48,446 [INFO] ThirdParty:981 - CMSIS Pack Vendor :STMicroelectronics MBEDTLS 2.14.1
2024-01-16 20:46:48,446 [INFO] ThirdParty:981 - CMSIS Pack Vendor :STMicroelectronics X-CUBE-NFC7 1.0.0
2024-01-16 20:46:48,446 [INFO] ThirdParty:981 - CMSIS Pack Vendor :STMicroelectronics X-CUBE-TOUCHGFX 4.22.1
2024-01-16 20:46:48,446 [INFO] ThirdParty:981 - CMSIS Pack Vendor :STMicroelectronics X-CUBE-NFC6 3.0.0
2024-01-16 20:46:48,446 [INFO] ThirdParty:981 - CMSIS Pack Vendor :STMicroelectronics X-CUBE-MEMS1 9.3.0
2024-01-16 20:46:48,446 [INFO] ThirdParty:981 - CMSIS Pack Vendor :STMicroelectronics X-CUBE-EEPRMA1 4.1.0
2024-01-16 20:46:48,446 [INFO] ThirdParty:981 - CMSIS Pack Vendor :STMicroelectronics X-CUBE-AI 7.2.0
2024-01-16 20:46:48,446 [INFO] ThirdParty:981 - CMSIS Pack Vendor :STMicroelectronics FP-SNS-SMARTAG2 1.2.0
2024-01-16 20:46:48,446 [INFO] ThirdParty:981 - CMSIS Pack Vendor :STMicroelectronics X-CUBE-AZRTOS-WL 2.0.0
2024-01-16 20:46:48,446 [INFO] ThirdParty:981 - CMSIS Pack Vendor :STMicroelectronics USB_DEVICE 1.0.0
2024-01-16 20:46:48,446 [INFO] ThirdParty:981 - CMSIS Pack Vendor :STMicroelectronics X-CUBE-AI 8.1.0
2024-01-16 20:46:48,446 [INFO] ThirdParty:981 - CMSIS Pack Vendor :STMicroelectronics X-CUBE-AZRTOS-G0 1.0.0
2024-01-16 20:46:48,446 [INFO] ThirdParty:981 - CMSIS Pack Vendor :STMicroelectronics X-CUBE-AZRTOS-L4 2.0.0
2024-01-16 20:46:48,446 [INFO] ThirdParty:981 - CMSIS Pack Vendor :STMicroelectronics ThreadX 0.0.2
2024-01-16 20:46:48,446 [INFO] ThirdParty:981 - CMSIS Pack Vendor :WES I-CUBE-Cesium 1.3.0
2024-01-16 20:46:48,446 [INFO] ThirdParty:981 - CMSIS Pack Vendor :STMicroelectronics lwIP 2.1.2
2024-01-16 20:46:48,446 [INFO] ThirdParty:981 - CMSIS Pack Vendor :STMicroelectronics X-CUBE-SFXS2LP1 4.0.0
2024-01-16 20:46:48,446 [INFO] ThirdParty:981 - CMSIS Pack Vendor :STMicroelectronics X-CUBE-BLE2 3.3.0
2024-01-16 20:46:48,446 [INFO] ThirdParty:981 - CMSIS Pack Vendor :STMicroelectronics X-CUBE-DISPLAY 2.2.0
2024-01-16 20:46:48,446 [INFO] ThirdParty:981 - CMSIS Pack Vendor :STMicroelectronics X-CUBE-TOF1 3.2.0
2024-01-16 20:46:48,446 [INFO] ThirdParty:981 - CMSIS Pack Vendor :STMicroelectronics PDM2PCM 3.2.0
2024-01-16 20:46:48,446 [INFO] ThirdParty:981 - CMSIS Pack Vendor :STMicroelectronics X-CUBE-AZRTOS-H7 3.0.0
2024-01-16 20:46:48,446 [INFO] ThirdParty:981 - CMSIS Pack Vendor :STMicroelectronics X-CUBE-ISPU 1.0.0
2024-01-16 20:46:48,446 [INFO] ThirdParty:981 - CMSIS Pack Vendor :STMicroelectronics X-CUBE-ISPU 1.1.0
2024-01-16 20:46:48,446 [INFO] ThirdParty:981 - CMSIS Pack Vendor :RoweBots I-CUBE-UNISONRTOS 5.5.0-4
2024-01-16 20:46:48,446 [INFO] ThirdParty:981 - CMSIS Pack Vendor :STMicroelectronics X-CUBE-AZRTOS-H7 2.1.0
2024-01-16 20:46:48,446 [INFO] ThirdParty:981 - CMSIS Pack Vendor :STMicroelectronics USB_DEVICE 3.0.0
2024-01-16 20:46:48,446 [INFO] ThirdParty:981 - CMSIS Pack Vendor :STMicroelectronics X-CUBE-AI 8.0.0
2024-01-16 20:46:48,446 [INFO] ThirdParty:981 - CMSIS Pack Vendor :STMicroelectronics X-CUBE-AZRTOS-WB 2.0.0
2024-01-16 20:46:48,446 [INFO] ThirdParty:981 - CMSIS Pack Vendor :STMicroelectronics X-CUBE-FREERTOS 1.0.1
2024-01-16 20:46:48,446 [INFO] ThirdParty:981 - CMSIS Pack Vendor :STMicroelectronics X-CUBE-TOUCHGFX 4.21.1
2024-01-16 20:46:48,446 [INFO] ThirdParty:981 - CMSIS Pack Vendor :STMicroelectronics X-CUBE-TOUCHGFX 4.21.3
2024-01-16 20:46:48,446 [INFO] ThirdParty:981 - CMSIS Pack Vendor :STMicroelectronics X-CUBE-BLEMGR 1.0.0
2024-01-16 20:46:48,446 [INFO] ThirdParty:981 - CMSIS Pack Vendor :STMicroelectronics X-CUBE-TOUCHGFX 4.21.4
2024-01-16 20:46:48,446 [INFO] ThirdParty:981 - CMSIS Pack Vendor :STMicroelectronics X-CUBE-MEMS1 9.4.0
2024-01-16 20:46:48,446 [INFO] ThirdParty:981 - CMSIS Pack Vendor :STMicroelectronics X-CUBE-AI 7.3.0
2024-01-16 20:46:48,446 [INFO] ThirdParty:981 - CMSIS Pack Vendor :STMicroelectronics X-CUBE-ALGOBUILD 1.3.0
2024-01-16 20:46:48,446 [INFO] ThirdParty:981 - CMSIS Pack Vendor :STMicroelectronics X-CUBE-AZRTOS-L5 1.1.0
2024-01-16 20:46:48,446 [INFO] ThirdParty:981 - CMSIS Pack Vendor :STMicroelectronics X-CUBE-AZRTOS-G0 1.1.0
2024-01-16 20:46:48,446 [INFO] ThirdParty:981 - CMSIS Pack Vendor :STMicroelectronics X-CUBE-AI 8.0.1
2024-01-16 20:46:48,446 [INFO] ThirdParty:981 - CMSIS Pack Vendor :STMicroelectronics X-CUBE-NFC4 3.0.0
2024-01-16 20:46:48,446 [INFO] ThirdParty:981 - CMSIS Pack Vendor :SEGGER I-CUBE-embOS 1.2.0
2024-01-16 20:46:48,446 [INFO] ThirdParty:981 - CMSIS Pack Vendor :STMicroelectronics X-CUBE-SUBG2 5.0.0
2024-01-16 20:46:48,446 [INFO] ThirdParty:981 - CMSIS Pack Vendor :STMicroelectronics STM32_WPAN 1.0.0
2024-01-16 20:46:48,446 [INFO] ThirdParty:981 - CMSIS Pack Vendor :STMicroelectronics lwIP 2.0.3
2024-01-16 20:46:48,446 [INFO] ThirdParty:981 - CMSIS Pack Vendor :STMicroelectronics USB_HOST 1.0.0
2024-01-16 20:46:48,446 [INFO] ThirdParty:981 - CMSIS Pack Vendor :STMicroelectronics X-CUBE-DISPLAY 2.1.0
2024-01-16 20:46:48,446 [INFO] ThirdParty:981 - CMSIS Pack Vendor :STMicroelectronics X-CUBE-TOF1 3.3.1
2024-01-16 20:46:48,446 [INFO] ThirdParty:981 - CMSIS Pack Vendor :STMicroelectronics X-CUBE-AZRTOS-G4 2.0.0
2024-01-16 20:46:48,446 [INFO] ThirdParty:981 - CMSIS Pack Vendor :STMicroelectronics PDM2PCM 3.1.0
2024-01-16 20:46:48,446 [INFO] ThirdParty:981 - CMSIS Pack Vendor :STMicroelectronics X-CUBE-TOF1 3.3.0
2024-01-16 20:46:48,446 [INFO] ThirdParty:981 - CMSIS Pack Vendor :STMicroelectronics FP-ATR-ASTRA1 1.1.1
2024-01-16 20:46:48,446 [INFO] ThirdParty:981 - CMSIS Pack Vendor :Infineon AIROC-Wi-Fi-Bluetooth-STM32 1.5.1
2024-01-16 20:46:48,446 [INFO] ThirdParty:981 - CMSIS Pack Vendor :STMicroelectronics X-CUBE-BLEMGR 3.0.0
2024-01-16 20:46:48,446 [INFO] ThirdParty:981 - CMSIS Pack Vendor :STMicroelectronics FP-ATR-ASTRA1 1.1.0
2024-01-16 20:46:48,446 [INFO] ThirdParty:981 - CMSIS Pack Vendor :STMicroelectronics X-CUBE-BLEMGR 1.3.0
2024-01-16 20:46:48,446 [INFO] ThirdParty:981 - CMSIS Pack Vendor :STMicroelectronics FP-SNS-MOTENVWB1 1.3.0
2024-01-16 20:46:48,446 [INFO] ThirdParty:981 - CMSIS Pack Vendor :STMicroelectronics FP-SNS-MOTENVWB1 1.3.1
2024-01-16 20:46:48,446 [INFO] ThirdParty:981 - CMSIS Pack Vendor :STMicroelectronics FP-ATR-SIGFOX1 3.2.0
2024-01-16 20:46:48,446 [INFO] ThirdParty:981 - CMSIS Pack Vendor :STMicroelectronics X-CUBE-AZRTOS-G4 1.0.0
2024-01-16 20:46:48,446 [INFO] ThirdParty:981 - CMSIS Pack Vendor :STMicroelectronics X-CUBE-AZRTOS-L4 1.0.0
2024-01-16 20:46:48,446 [INFO] ThirdParty:981 - CMSIS Pack Vendor :STMicroelectronics X-CUBE-ISPU 2.0.0
2024-01-16 20:46:48,446 [INFO] ThirdParty:981 - CMSIS Pack Vendor :STMicroelectronics MBEDTLS 2.16.2
2024-01-16 20:46:48,446 [INFO] ThirdParty:981 - CMSIS Pack Vendor :emotas I-CUBE-CANOPEN 1.1.2
2024-01-16 20:46:48,446 [INFO] ThirdParty:981 - CMSIS Pack Vendor :STMicroelectronics X-CUBE-TOUCHGFX 4.20.0
2024-01-16 20:46:48,446 [INFO] ThirdParty:981 - CMSIS Pack Vendor :STMicroelectronics X-CUBE-MEMS1 10.0.0
2024-01-16 20:46:48,446 [INFO] ThirdParty:981 - CMSIS Pack Vendor :STMicroelectronics X-CUBE-FREERTOS 1.1.0
2024-01-16 20:46:48,446 [INFO] ThirdParty:981 - CMSIS Pack Vendor :STMicroelectronics X-CUBE-AZRTOS-F7 1.0.0
2024-01-16 20:46:48,446 [INFO] ThirdParty:981 - CMSIS Pack Vendor :STMicroelectronics X-CUBE-AZRTOS-WL 1.0.0
2024-01-16 20:46:48,446 [INFO] ThirdParty:981 - CMSIS Pack Vendor :portGmbH I-Cube-SoM-uGOAL 1.1.0
2024-01-16 20:46:48,446 [INFO] ThirdParty:981 - CMSIS Pack Vendor :STMicroelectronics X-CUBE-ALS 1.0.1
2024-01-16 20:46:48,446 [INFO] ThirdParty:981 - CMSIS Pack Vendor :STMicroelectronics X-CUBE-MEMS1 9.5.0
2024-01-16 20:46:48,446 [INFO] ThirdParty:981 - CMSIS Pack Vendor :STMicroelectronics ThreadX 1.0.0
2024-01-16 20:46:48,446 [INFO] ThirdParty:981 - CMSIS Pack Vendor :STMicroelectronics X-CUBE-AZRTOS-WB 1.1.0
2024-01-16 20:46:48,446 [INFO] ThirdParty:981 - CMSIS Pack Vendor :SEGGER I-CUBE-embOS 1.3.1
2024-01-16 20:46:48,446 [INFO] ThirdParty:981 - CMSIS Pack Vendor :STMicroelectronics X-CUBE-AZRTOS-L5 1.0.0
2024-01-16 20:46:48,454 [INFO] ThirdParty:981 - CMSIS Pack Vendor :STMicroelectronics X-CUBE-EEPRMA1 3.1.1
2024-01-16 20:46:48,454 [INFO] ThirdParty:981 - CMSIS Pack Vendor :STMicroelectronics X-CUBE-GNSS1 5.2.0
2024-01-16 20:46:48,454 [INFO] ThirdParty:981 - CMSIS Pack Vendor :STMicroelectronics FP-ATR-ASTRA1 2.0.0
2024-01-16 20:46:48,454 [INFO] ThirdParty:981 - CMSIS Pack Vendor :STMicroelectronics X-CUBE-TOF1 3.4.0
2024-01-16 20:46:48,454 [INFO] ThirdParty:981 - CMSIS Pack Vendor :STMicroelectronics X-CUBE-AZRTOS-H7 3.2.0
2024-01-16 20:46:48,454 [INFO] ThirdParty:981 - CMSIS Pack Vendor :STMicroelectronics X-CUBE-TOF1 3.0.0
2024-01-16 20:46:48,454 [INFO] ThirdParty:797 - exiting critical section [change project]
2024-01-16 20:46:49,181 [INFO] PinOutPanel:1468 - setPackage(No Configuration,No Configuration)
2024-01-16 20:46:49,181 [INFO] PinOutPanel:1468 - setPackage(STM32F103C8Tx,LQFP48)
2024-01-16 20:46:50,487 [INFO] UtilMem:74 - Before build in PCC Used Memory: 633677144 Bytes (784334848)
2024-01-16 20:46:53,110 [INFO] UtilMem:74 - After build in PCC Used Memory: 647694480 Bytes (784334848)
2024-01-16 20:46:53,141 [INFO] IPUIPlugin:79 - create IPUIPlugin
2024-01-16 20:46:53,141 [INFO] IPUIPlugin:79 - create IPUIPlugin
2024-01-16 20:46:53,141 [INFO] IPUIPlugin:79 - create IPUIPlugin
2024-01-16 20:46:53,141 [INFO] IPUIPlugin:79 - create IPUIPlugin
2024-01-16 20:46:53,141 [INFO] IPUIPlugin:79 - create IPUIPlugin
2024-01-16 20:46:53,141 [INFO] IPUIPlugin:79 - create IPUIPlugin
2024-01-16 20:46:53,141 [INFO] IPUIPlugin:79 - create IPUIPlugin
2024-01-16 20:46:53,141 [INFO] IPUIPlugin:79 - create IPUIPlugin
2024-01-16 20:46:53,141 [INFO] IPUIPlugin:79 - create IPUIPlugin
2024-01-16 20:46:53,141 [INFO] IPUIPlugin:79 - create IPUIPlugin
2024-01-16 20:46:53,141 [INFO] IPUIPlugin:79 - create IPUIPlugin
2024-01-16 20:46:53,141 [INFO] IPUIPlugin:79 - create IPUIPlugin
2024-01-16 20:46:53,141 [INFO] IPUIPlugin:79 - create IPUIPlugin
2024-01-16 20:46:53,141 [INFO] IPUIPlugin:79 - create IPUIPlugin
2024-01-16 20:46:53,141 [INFO] IPUIPlugin:79 - create IPUIPlugin
2024-01-16 20:46:53,141 [INFO] IPUIPlugin:79 - create IPUIPlugin
2024-01-16 20:46:53,141 [INFO] IPUIPlugin:79 - create IPUIPlugin
2024-01-16 20:46:53,141 [INFO] IPUIPlugin:79 - create IPUIPlugin
2024-01-16 20:46:53,141 [INFO] IPUIPlugin:79 - create IPUIPlugin
2024-01-16 20:46:53,141 [INFO] IPUIPlugin:79 - create IPUIPlugin
2024-01-16 20:46:53,141 [INFO] IPUIPlugin:79 - create IPUIPlugin
2024-01-16 20:46:53,141 [INFO] IPUIPlugin:79 - create IPUIPlugin
2024-01-16 20:46:53,149 [INFO] IPUIPlugin:79 - create IPUIPlugin
2024-01-16 20:46:53,149 [INFO] IPUIPlugin:79 - create IPUIPlugin
2024-01-16 20:46:53,149 [INFO] IPUIPlugin:79 - create IPUIPlugin
2024-01-16 20:46:53,149 [INFO] IPUIPlugin:79 - create IPUIPlugin
2024-01-16 20:46:53,151 [INFO] IPUIPlugin:79 - create IPUIPlugin
2024-01-16 20:46:53,756 [INFO] OpenFileManager:327 - Restore cursor
2024-01-16 20:47:07,451 [INFO] UtilMem:74 - End SaveConfig() Used Memory: 667469896 Bytes (784334848)
2024-01-16 20:47:07,520 [INFO] UtilMem:74 - End SaveConfig() Used Memory: 678481992 Bytes (784334848)
2024-01-16 20:47:08,845 [INFO] BlockDiagram:2753 - set Specific Code input for plugin: NVIC
2024-01-16 20:47:08,845 [INFO] BlockDiagram:2753 - set Specific Code input for plugin: RCC
2024-01-16 20:47:08,855 [INFO] CodeGenerator:690 - code generatio: config db path: C:\ST\STM32CubeIDE_1.10.1\STM32CubeIDE\plugins\com.st.stm32cube.common.mx_6.6.1.202207061420\\db\
2024-01-16 20:47:09,954 [INFO] CodeEngine:245 - oldGeneratedFile, C:\Users\Usuario\Documents\TESIS2023\SICI2024\LEDtesting\MXTmpFiles\license.tmp_save
2024-01-16 20:47:11,163 [INFO] CodeEngine:269 - Generated code: C:\Users\Usuario\Documents\TESIS2023\SICI2024\LEDtesting\MXTmpFiles\license.tmp
2024-01-16 20:47:11,321 [INFO] CodeEngine:245 - oldGeneratedFile, C:\Users\Usuario\Documents\TESIS2023\SICI2024\LEDtesting\Core\Src\stm32f1xx_it.c_save
2024-01-16 20:47:11,726 [INFO] CodeEngine:269 - Generated code: C:\Users\Usuario\Documents\TESIS2023\SICI2024\LEDtesting\Core\Src\stm32f1xx_it.c
2024-01-16 20:47:11,742 [INFO] CodeEngine:245 - oldGeneratedFile, C:\Users\Usuario\Documents\TESIS2023\SICI2024\LEDtesting\Core\Inc\stm32f1xx_it.h_save
2024-01-16 20:47:11,905 [INFO] CodeEngine:269 - Generated code: C:\Users\Usuario\Documents\TESIS2023\SICI2024\LEDtesting\Core\Inc\stm32f1xx_it.h
2024-01-16 20:47:12,326 [INFO] CodeEngine:245 - oldGeneratedFile, C:\Users\Usuario\Documents\TESIS2023\SICI2024\LEDtesting\Core\Src\stm32f1xx_hal_msp.c_save
2024-01-16 20:47:12,488 [INFO] CodeEngine:269 - Generated code: C:\Users\Usuario\Documents\TESIS2023\SICI2024\LEDtesting\Core\Src\stm32f1xx_hal_msp.c
2024-01-16 20:47:12,510 [INFO] CodeEngine:245 - oldGeneratedFile, C:\Users\Usuario\Documents\TESIS2023\SICI2024\LEDtesting\MXTmpFiles\system.tmp_save
2024-01-16 20:47:12,713 [INFO] CodeEngine:269 - Generated code: C:\Users\Usuario\Documents\TESIS2023\SICI2024\LEDtesting\MXTmpFiles\system.tmp
2024-01-16 20:47:12,762 [INFO] CodeEngine:245 - oldGeneratedFile, C:\Users\Usuario\Documents\TESIS2023\SICI2024\LEDtesting\Core\Inc\stm32f1xx_hal_conf.h_save
2024-01-16 20:47:12,925 [INFO] CodeEngine:269 - Generated code: C:\Users\Usuario\Documents\TESIS2023\SICI2024\LEDtesting\Core\Inc\stm32f1xx_hal_conf.h
2024-01-16 20:47:13,094 [INFO] CodeEngine:245 - oldGeneratedFile, C:\Users\Usuario\Documents\TESIS2023\SICI2024\LEDtesting\Core\Inc\main.h_save
2024-01-16 20:47:13,257 [INFO] CodeEngine:269 - Generated code: C:\Users\Usuario\Documents\TESIS2023\SICI2024\LEDtesting\Core\Inc\main.h
2024-01-16 20:47:13,275 [INFO] CodeEngine:245 - oldGeneratedFile, C:\Users\Usuario\Documents\TESIS2023\SICI2024\LEDtesting\Core\Src\main.c_save
2024-01-16 20:47:13,556 [INFO] CodeEngine:269 - Generated code: C:\Users\Usuario\Documents\TESIS2023\SICI2024\LEDtesting\Core\Src\main.c
2024-01-16 20:47:20,351 [INFO] ProjectBuilder:2919 - Time for Copy HAL[1] : 5292mS.
2024-01-16 20:47:20,436 [INFO] ProjectBuilder:4117 - Project Generator version: 3.17.1
2024-01-16 20:47:21,345 [INFO] ConfigFileManager:1394 - The Die is : DIE410
2024-01-16 20:47:21,476 [INFO] ApiDbMcu:505 - Load IP Config File for FATFS
2024-01-16 20:47:21,508 [INFO] ApiDbMcu:505 - Load IP Config File for FREERTOS
2024-01-16 20:47:21,577 [INFO] ApiDbMcu:505 - Load IP Config File for USB_DEVICE
2024-01-16 20:47:51,133 [INFO] ProjectBuilder:4285 - Time for Generating toolchain IDE Files: 30697mS.
2024-01-16 20:47:51,133 [INFO] ProjectBuilder:2790 - Time for Copy CMSIS : 0mS.
2024-01-16 20:47:51,133 [INFO] ProjectBuilder:2790 - Time for Copy CMSIS : 0mS.
2024-01-16 20:47:53,652 [INFO] McuFinderGlobals:57 - Set McuFinderConnectedMode to true
2024-01-16 20:47:53,652 [INFO] ApiDb:443 - Save user favorites file C:\Users\Usuario/.stm32cubeide/favorites.mcus.txt: 0 item(s)
2024-01-16 20:47:53,652 [INFO] ApiDb:447 - User favorites MCUs=[]
2024-01-16 23:25:15,054 [INFO] NvicIntPanel:100 - NVIC parent = com.st.microxplorer.plugins.ip.nvic.MultiNvicIntPanel[,0,0,0x0,invalid,layout=javax.swing.BoxLayout,alignmentX=0.0,alignmentY=0.0,border=,flags=9,maximumSize=,minimumSize=,preferredSize=]
2024-01-16 23:26:12,122 [INFO] UtilMem:74 - End SaveConfig() Used Memory: 635434368 Bytes (1073741824)
2024-01-16 23:26:15,240 [INFO] UtilMem:74 - End SaveConfig() Used Memory: 650555528 Bytes (1073741824)
2024-01-16 23:26:30,533 [INFO] UtilMem:74 - End SaveConfig() Used Memory: 779625192 Bytes (1073741824)
2024-01-16 23:26:31,183 [INFO] BlockDiagram:2753 - set Specific Code input for plugin: NVIC
2024-01-16 23:26:31,183 [INFO] BlockDiagram:2753 - set Specific Code input for plugin: DMA
2024-01-16 23:26:31,183 [INFO] BlockDiagram:2753 - set Specific Code input for plugin: TIM1_8F1
2024-01-16 23:26:31,183 [INFO] BlockDiagram:2753 - set Specific Code input for plugin: GPIO
2024-01-16 23:26:31,183 [INFO] BlockDiagram:2753 - set Specific Code input for plugin: RCC
2024-01-16 23:26:31,183 [INFO] CodeGenerator:690 - code generatio: config db path: C:\ST\STM32CubeIDE_1.10.1\STM32CubeIDE\plugins\com.st.stm32cube.common.mx_6.6.1.202207061420\\db\
2024-01-16 23:26:32,173 [INFO] CodeEngine:245 - oldGeneratedFile, C:\Users\Usuario\Documents\TESIS2023\SICI2024\LEDtesting\MXTmpFiles\license.tmp_save
2024-01-16 23:26:32,553 [INFO] CodeEngine:269 - Generated code: C:\Users\Usuario\Documents\TESIS2023\SICI2024\LEDtesting\MXTmpFiles\license.tmp
2024-01-16 23:26:33,527 [INFO] CodeEngine:245 - oldGeneratedFile, C:\Users\Usuario\Documents\TESIS2023\SICI2024\LEDtesting\MXTmpFiles\gpio.tmp_save
2024-01-16 23:26:33,628 [INFO] CodeEngine:269 - Generated code: C:\Users\Usuario\Documents\TESIS2023\SICI2024\LEDtesting\MXTmpFiles\gpio.tmp
2024-01-16 23:26:34,182 [INFO] CodeEngine:245 - oldGeneratedFile, C:\Users\Usuario\Documents\TESIS2023\SICI2024\LEDtesting\MXTmpFiles\dma.tmp_save
2024-01-16 23:26:34,266 [INFO] CodeEngine:269 - Generated code: C:\Users\Usuario\Documents\TESIS2023\SICI2024\LEDtesting\MXTmpFiles\dma.tmp
2024-01-16 23:26:34,266 [INFO] CodeEngine:245 - oldGeneratedFile, C:\Users\Usuario\Documents\TESIS2023\SICI2024\LEDtesting\MXTmpFiles\dma_GV.tmp_save
2024-01-16 23:26:34,344 [INFO] CodeEngine:269 - Generated code: C:\Users\Usuario\Documents\TESIS2023\SICI2024\LEDtesting\MXTmpFiles\dma_GV.tmp
2024-01-16 23:26:34,445 [INFO] CodeEngine:245 - oldGeneratedFile, C:\Users\Usuario\Documents\TESIS2023\SICI2024\LEDtesting\Core\Src\stm32f1xx_it.c_save
2024-01-16 23:26:34,614 [INFO] CodeEngine:269 - Generated code: C:\Users\Usuario\Documents\TESIS2023\SICI2024\LEDtesting\Core\Src\stm32f1xx_it.c
2024-01-16 23:26:34,645 [INFO] CodeEngine:245 - oldGeneratedFile, C:\Users\Usuario\Documents\TESIS2023\SICI2024\LEDtesting\Core\Inc\stm32f1xx_it.h_save
2024-01-16 23:26:34,830 [INFO] CodeEngine:269 - Generated code: C:\Users\Usuario\Documents\TESIS2023\SICI2024\LEDtesting\Core\Inc\stm32f1xx_it.h
2024-01-16 23:26:35,046 [INFO] CodeEngine:245 - oldGeneratedFile, C:\Users\Usuario\Documents\TESIS2023\SICI2024\LEDtesting\Core\Src\stm32f1xx_hal_msp.c_save
2024-01-16 23:26:35,229 [INFO] CodeEngine:269 - Generated code: C:\Users\Usuario\Documents\TESIS2023\SICI2024\LEDtesting\Core\Src\stm32f1xx_hal_msp.c
2024-01-16 23:26:35,599 [INFO] CodeEngine:245 - oldGeneratedFile, C:\Users\Usuario\Documents\TESIS2023\SICI2024\LEDtesting\MXTmpFiles\system.tmp_save
2024-01-16 23:26:35,668 [INFO] CodeEngine:269 - Generated code: C:\Users\Usuario\Documents\TESIS2023\SICI2024\LEDtesting\MXTmpFiles\system.tmp
2024-01-16 23:26:35,737 [INFO] CodeEngine:245 - oldGeneratedFile, C:\Users\Usuario\Documents\TESIS2023\SICI2024\LEDtesting\Core\Inc\stm32f1xx_hal_conf.h_save
2024-01-16 23:26:35,853 [INFO] CodeEngine:269 - Generated code: C:\Users\Usuario\Documents\TESIS2023\SICI2024\LEDtesting\Core\Inc\stm32f1xx_hal_conf.h
2024-01-16 23:26:35,868 [WARN] IPConfigManager:3348 - IP not found : TIM
2024-01-16 23:26:35,884 [WARN] CodeGenerator:3567 - IP not found : null
2024-01-16 23:26:35,884 [INFO] CodeEngine:245 - oldGeneratedFile, C:\Users\Usuario\Documents\TESIS2023\SICI2024\LEDtesting\Core\Inc\main.h_save
2024-01-16 23:26:35,968 [INFO] CodeEngine:269 - Generated code: C:\Users\Usuario\Documents\TESIS2023\SICI2024\LEDtesting\Core\Inc\main.h
2024-01-16 23:26:36,037 [INFO] CodeEngine:245 - oldGeneratedFile, C:\Users\Usuario\Documents\TESIS2023\SICI2024\LEDtesting\Core\Src\main.c_save
2024-01-16 23:26:36,253 [INFO] CodeEngine:269 - Generated code: C:\Users\Usuario\Documents\TESIS2023\SICI2024\LEDtesting\Core\Src\main.c
2024-01-16 23:26:43,143 [INFO] ProjectBuilder:2919 - Time for Copy HAL[1] : 5915mS.
2024-01-16 23:26:43,143 [INFO] ProjectBuilder:4117 - Project Generator version: 3.17.1
2024-01-16 23:26:43,677 [INFO] ConfigFileManager:1394 - The Die is : DIE410
2024-01-16 23:26:48,428 [INFO] ProjectBuilder:4285 - Time for Generating toolchain IDE Files: 5285mS.
2024-01-16 23:26:48,428 [INFO] ProjectBuilder:2790 - Time for Copy CMSIS : 0mS.
2024-01-16 23:26:48,443 [INFO] ProjectBuilder:2790 - Time for Copy CMSIS : 0mS.
2024-01-16 23:43:36,717 [INFO] NvicIntPanel:100 - NVIC parent = com.st.microxplorer.plugins.ip.nvic.MultiNvicIntPanel[,0,0,461x173,layout=javax.swing.BoxLayout,alignmentX=0.0,alignmentY=0.0,border=,flags=9,maximumSize=,minimumSize=,preferredSize=]
2024-01-16 23:44:03,879 [INFO] NvicIntPanel:100 - NVIC parent = com.st.microxplorer.plugins.ip.nvic.MultiNvicIntPanel[,0,0,0x0,invalid,layout=javax.swing.BoxLayout,alignmentX=0.0,alignmentY=0.0,border=,flags=9,maximumSize=,minimumSize=,preferredSize=]
2024-01-16 23:44:07,604 [INFO] UtilMem:74 - End SaveConfig() Used Memory: 670325696 Bytes (1073741824)
2024-01-16 23:44:10,950 [INFO] UtilMem:74 - End SaveConfig() Used Memory: 773612480 Bytes (1073741824)
2024-01-16 23:44:13,386 [INFO] UtilMem:74 - End SaveConfig() Used Memory: 834952128 Bytes (1073741824)
2024-01-16 23:44:15,191 [INFO] BlockDiagram:2753 - set Specific Code input for plugin: NVIC
2024-01-16 23:44:15,191 [INFO] BlockDiagram:2753 - set Specific Code input for plugin: DMA
2024-01-16 23:44:15,191 [INFO] BlockDiagram:2753 - set Specific Code input for plugin: TIM1_8F1
2024-01-16 23:44:15,191 [INFO] BlockDiagram:2753 - set Specific Code input for plugin: GPIO
2024-01-16 23:44:15,191 [INFO] BlockDiagram:2753 - set Specific Code input for plugin: RCC
2024-01-16 23:44:15,207 [INFO] CodeGenerator:690 - code generatio: config db path: C:\ST\STM32CubeIDE_1.10.1\STM32CubeIDE\plugins\com.st.stm32cube.common.mx_6.6.1.202207061420\\db\
2024-01-16 23:44:16,363 [INFO] CodeEngine:245 - oldGeneratedFile, C:\Users\Usuario\Documents\TESIS2023\SICI2024\LEDtesting\MXTmpFiles\license.tmp_save
2024-01-16 23:44:16,479 [INFO] CodeEngine:269 - Generated code: C:\Users\Usuario\Documents\TESIS2023\SICI2024\LEDtesting\MXTmpFiles\license.tmp
2024-01-16 23:44:17,243 [INFO] CodeEngine:245 - oldGeneratedFile, C:\Users\Usuario\Documents\TESIS2023\SICI2024\LEDtesting\MXTmpFiles\gpio.tmp_save
2024-01-16 23:44:17,344 [INFO] CodeEngine:269 - Generated code: C:\Users\Usuario\Documents\TESIS2023\SICI2024\LEDtesting\MXTmpFiles\gpio.tmp
2024-01-16 23:44:18,526 [INFO] CodeEngine:245 - oldGeneratedFile, C:\Users\Usuario\Documents\TESIS2023\SICI2024\LEDtesting\MXTmpFiles\dma.tmp_save
2024-01-16 23:44:18,648 [INFO] CodeEngine:269 - Generated code: C:\Users\Usuario\Documents\TESIS2023\SICI2024\LEDtesting\MXTmpFiles\dma.tmp
2024-01-16 23:44:18,648 [INFO] CodeEngine:245 - oldGeneratedFile, C:\Users\Usuario\Documents\TESIS2023\SICI2024\LEDtesting\MXTmpFiles\dma_GV.tmp_save
2024-01-16 23:44:18,764 [INFO] CodeEngine:269 - Generated code: C:\Users\Usuario\Documents\TESIS2023\SICI2024\LEDtesting\MXTmpFiles\dma_GV.tmp
2024-01-16 23:44:18,864 [INFO] CodeEngine:245 - oldGeneratedFile, C:\Users\Usuario\Documents\TESIS2023\SICI2024\LEDtesting\Core\Src\stm32f1xx_it.c_save
2024-01-16 23:44:19,027 [INFO] CodeEngine:269 - Generated code: C:\Users\Usuario\Documents\TESIS2023\SICI2024\LEDtesting\Core\Src\stm32f1xx_it.c
2024-01-16 23:44:19,064 [INFO] CodeEngine:245 - oldGeneratedFile, C:\Users\Usuario\Documents\TESIS2023\SICI2024\LEDtesting\Core\Inc\stm32f1xx_it.h_save
2024-01-16 23:44:19,195 [INFO] CodeEngine:269 - Generated code: C:\Users\Usuario\Documents\TESIS2023\SICI2024\LEDtesting\Core\Inc\stm32f1xx_it.h
2024-01-16 23:44:19,380 [INFO] CodeEngine:245 - oldGeneratedFile, C:\Users\Usuario\Documents\TESIS2023\SICI2024\LEDtesting\Core\Src\stm32f1xx_hal_msp.c_save
2024-01-16 23:44:19,496 [INFO] CodeEngine:269 - Generated code: C:\Users\Usuario\Documents\TESIS2023\SICI2024\LEDtesting\Core\Src\stm32f1xx_hal_msp.c
2024-01-16 23:44:19,496 [INFO] CodeEngine:245 - oldGeneratedFile, C:\Users\Usuario\Documents\TESIS2023\SICI2024\LEDtesting\MXTmpFiles\system.tmp_save
2024-01-16 23:44:19,581 [INFO] CodeEngine:269 - Generated code: C:\Users\Usuario\Documents\TESIS2023\SICI2024\LEDtesting\MXTmpFiles\system.tmp
2024-01-16 23:44:19,612 [INFO] CodeEngine:245 - oldGeneratedFile, C:\Users\Usuario\Documents\TESIS2023\SICI2024\LEDtesting\Core\Inc\stm32f1xx_hal_conf.h_save
2024-01-16 23:44:20,298 [INFO] CodeEngine:269 - Generated code: C:\Users\Usuario\Documents\TESIS2023\SICI2024\LEDtesting\Core\Inc\stm32f1xx_hal_conf.h
2024-01-16 23:44:20,367 [WARN] IPConfigManager:3348 - IP not found : TIM
2024-01-16 23:44:20,398 [WARN] CodeGenerator:3567 - IP not found : null
2024-01-16 23:44:20,499 [INFO] CodeEngine:245 - oldGeneratedFile, C:\Users\Usuario\Documents\TESIS2023\SICI2024\LEDtesting\Core\Inc\main.h_save
2024-01-16 23:44:20,599 [INFO] CodeEngine:269 - Generated code: C:\Users\Usuario\Documents\TESIS2023\SICI2024\LEDtesting\Core\Inc\main.h
2024-01-16 23:44:20,668 [INFO] CodeEngine:245 - oldGeneratedFile, C:\Users\Usuario\Documents\TESIS2023\SICI2024\LEDtesting\Core\Src\main.c_save
2024-01-16 23:44:21,146 [INFO] CodeEngine:269 - Generated code: C:\Users\Usuario\Documents\TESIS2023\SICI2024\LEDtesting\Core\Src\main.c
2024-01-16 23:44:29,270 [INFO] ProjectBuilder:2919 - Time for Copy HAL[1] : 6322mS.
2024-01-16 23:44:29,270 [INFO] ProjectBuilder:4117 - Project Generator version: 3.17.1
2024-01-16 23:44:30,008 [INFO] ConfigFileManager:1394 - The Die is : DIE410
2024-01-16 23:44:33,485 [INFO] ProjectBuilder:4285 - Time for Generating toolchain IDE Files: 4215mS.
2024-01-16 23:44:33,485 [INFO] ProjectBuilder:2790 - Time for Copy CMSIS : 0mS.
2024-01-16 23:44:33,501 [INFO] ProjectBuilder:2790 - Time for Copy CMSIS : 0mS.
2024-01-16 23:49:53,857 [INFO] UtilMem:74 - End SaveConfig() Used Memory: 705973832 Bytes (1073741824)
2024-01-16 23:49:55,562 [INFO] UtilMem:74 - End SaveConfig() Used Memory: 719614032 Bytes (1073741824)
2024-01-16 23:49:58,459 [INFO] UtilMem:74 - End SaveConfig() Used Memory: 751804608 Bytes (1073741824)
2024-01-16 23:49:59,106 [INFO] BlockDiagram:2753 - set Specific Code input for plugin: NVIC
2024-01-16 23:49:59,106 [INFO] BlockDiagram:2753 - set Specific Code input for plugin: DMA
2024-01-16 23:49:59,106 [INFO] BlockDiagram:2753 - set Specific Code input for plugin: TIM1_8F1
2024-01-16 23:49:59,106 [INFO] BlockDiagram:2753 - set Specific Code input for plugin: GPIO
2024-01-16 23:49:59,106 [INFO] BlockDiagram:2753 - set Specific Code input for plugin: RCC
2024-01-16 23:49:59,122 [INFO] CodeGenerator:690 - code generatio: config db path: C:\ST\STM32CubeIDE_1.10.1\STM32CubeIDE\plugins\com.st.stm32cube.common.mx_6.6.1.202207061420\\db\
2024-01-16 23:49:59,470 [INFO] CodeEngine:245 - oldGeneratedFile, C:\Users\Usuario\Documents\TESIS2023\SICI2024\LEDtesting\MXTmpFiles\license.tmp_save
2024-01-16 23:49:59,683 [INFO] CodeEngine:269 - Generated code: C:\Users\Usuario\Documents\TESIS2023\SICI2024\LEDtesting\MXTmpFiles\license.tmp
2024-01-16 23:49:59,733 [INFO] CodeEngine:245 - oldGeneratedFile, C:\Users\Usuario\Documents\TESIS2023\SICI2024\LEDtesting\MXTmpFiles\gpio.tmp_save
2024-01-16 23:50:00,387 [INFO] CodeEngine:269 - Generated code: C:\Users\Usuario\Documents\TESIS2023\SICI2024\LEDtesting\MXTmpFiles\gpio.tmp
2024-01-16 23:50:00,488 [INFO] CodeEngine:245 - oldGeneratedFile, C:\Users\Usuario\Documents\TESIS2023\SICI2024\LEDtesting\MXTmpFiles\dma.tmp_save
2024-01-16 23:50:00,790 [INFO] CodeEngine:269 - Generated code: C:\Users\Usuario\Documents\TESIS2023\SICI2024\LEDtesting\MXTmpFiles\dma.tmp
2024-01-16 23:50:00,800 [INFO] CodeEngine:245 - oldGeneratedFile, C:\Users\Usuario\Documents\TESIS2023\SICI2024\LEDtesting\MXTmpFiles\dma_GV.tmp_save
2024-01-16 23:50:00,966 [INFO] CodeEngine:269 - Generated code: C:\Users\Usuario\Documents\TESIS2023\SICI2024\LEDtesting\MXTmpFiles\dma_GV.tmp
2024-01-16 23:50:00,982 [INFO] CodeEngine:245 - oldGeneratedFile, C:\Users\Usuario\Documents\TESIS2023\SICI2024\LEDtesting\Core\Src\stm32f1xx_it.c_save
2024-01-16 23:50:01,182 [INFO] CodeEngine:269 - Generated code: C:\Users\Usuario\Documents\TESIS2023\SICI2024\LEDtesting\Core\Src\stm32f1xx_it.c
2024-01-16 23:50:01,198 [INFO] CodeEngine:245 - oldGeneratedFile, C:\Users\Usuario\Documents\TESIS2023\SICI2024\LEDtesting\Core\Inc\stm32f1xx_it.h_save
2024-01-16 23:50:01,314 [INFO] CodeEngine:269 - Generated code: C:\Users\Usuario\Documents\TESIS2023\SICI2024\LEDtesting\Core\Inc\stm32f1xx_it.h
2024-01-16 23:50:01,367 [INFO] CodeEngine:245 - oldGeneratedFile, C:\Users\Usuario\Documents\TESIS2023\SICI2024\LEDtesting\Core\Src\stm32f1xx_hal_msp.c_save
2024-01-16 23:50:01,483 [INFO] CodeEngine:269 - Generated code: C:\Users\Usuario\Documents\TESIS2023\SICI2024\LEDtesting\Core\Src\stm32f1xx_hal_msp.c
2024-01-16 23:50:01,499 [INFO] CodeEngine:245 - oldGeneratedFile, C:\Users\Usuario\Documents\TESIS2023\SICI2024\LEDtesting\MXTmpFiles\system.tmp_save
2024-01-16 23:50:01,637 [INFO] CodeEngine:269 - Generated code: C:\Users\Usuario\Documents\TESIS2023\SICI2024\LEDtesting\MXTmpFiles\system.tmp
2024-01-16 23:50:01,821 [INFO] CodeEngine:245 - oldGeneratedFile, C:\Users\Usuario\Documents\TESIS2023\SICI2024\LEDtesting\Core\Inc\stm32f1xx_hal_conf.h_save
2024-01-16 23:50:02,138 [INFO] CodeEngine:269 - Generated code: C:\Users\Usuario\Documents\TESIS2023\SICI2024\LEDtesting\Core\Inc\stm32f1xx_hal_conf.h
2024-01-16 23:50:02,200 [WARN] IPConfigManager:3348 - IP not found : TIM
2024-01-16 23:50:02,200 [WARN] CodeGenerator:3567 - IP not found : null
2024-01-16 23:50:02,216 [INFO] CodeEngine:245 - oldGeneratedFile, C:\Users\Usuario\Documents\TESIS2023\SICI2024\LEDtesting\Core\Inc\main.h_save
2024-01-16 23:50:02,315 [INFO] CodeEngine:269 - Generated code: C:\Users\Usuario\Documents\TESIS2023\SICI2024\LEDtesting\Core\Inc\main.h
2024-01-16 23:50:02,323 [INFO] CodeEngine:245 - oldGeneratedFile, C:\Users\Usuario\Documents\TESIS2023\SICI2024\LEDtesting\Core\Src\main.c_save
2024-01-16 23:50:02,706 [INFO] CodeEngine:269 - Generated code: C:\Users\Usuario\Documents\TESIS2023\SICI2024\LEDtesting\Core\Src\main.c
2024-01-16 23:50:04,088 [INFO] ProjectBuilder:2919 - Time for Copy HAL[1] : 555mS.
2024-01-16 23:50:04,098 [INFO] ProjectBuilder:4117 - Project Generator version: 3.17.1
2024-01-16 23:50:04,713 [INFO] ConfigFileManager:1394 - The Die is : DIE410
2024-01-16 23:50:06,797 [INFO] ProjectBuilder:4285 - Time for Generating toolchain IDE Files: 2699mS.
2024-01-16 23:50:06,797 [INFO] ProjectBuilder:2790 - Time for Copy CMSIS : 0mS.
2024-01-16 23:50:06,807 [INFO] ProjectBuilder:2790 - Time for Copy CMSIS : 0mS.
2024-01-17 00:21:51,786 [INFO] NvicIntPanel:100 - NVIC parent = com.st.microxplorer.plugins.ip.nvic.MultiNvicIntPanel[,0,0,0x0,invalid,layout=javax.swing.BoxLayout,alignmentX=0.0,alignmentY=0.0,border=,flags=9,maximumSize=,minimumSize=,preferredSize=]
2024-01-17 00:21:54,455 [INFO] NvicIntPanel:100 - NVIC parent = com.st.microxplorer.plugins.ip.nvic.MultiNvicIntPanel[,0,0,0x0,invalid,layout=javax.swing.BoxLayout,alignmentX=0.0,alignmentY=0.0,border=,flags=9,maximumSize=,minimumSize=,preferredSize=]
2024-01-17 00:22:01,159 [INFO] NvicIntPanel:100 - NVIC parent = com.st.microxplorer.plugins.ip.nvic.MultiNvicIntPanel[,0,0,0x0,invalid,layout=javax.swing.BoxLayout,alignmentX=0.0,alignmentY=0.0,border=,flags=9,maximumSize=,minimumSize=,preferredSize=]
2024-01-17 00:23:30,291 [INFO] NvicIntPanel:100 - NVIC parent = com.st.microxplorer.plugins.ip.nvic.MultiNvicIntPanel[,0,0,0x0,invalid,layout=javax.swing.BoxLayout,alignmentX=0.0,alignmentY=0.0,border=,flags=9,maximumSize=,minimumSize=,preferredSize=]
2024-01-17 00:30:29,549 [INFO] NvicIntPanel:100 - NVIC parent = com.st.microxplorer.plugins.ip.nvic.MultiNvicIntPanel[,0,0,0x0,invalid,layout=javax.swing.BoxLayout,alignmentX=0.0,alignmentY=0.0,border=,flags=9,maximumSize=,minimumSize=,preferredSize=]
2024-01-17 00:30:48,266 [INFO] NvicIntPanel:100 - NVIC parent = com.st.microxplorer.plugins.ip.nvic.MultiNvicIntPanel[,0,0,0x0,invalid,layout=javax.swing.BoxLayout,alignmentX=0.0,alignmentY=0.0,border=,flags=9,maximumSize=,minimumSize=,preferredSize=]
2024-01-17 00:31:00,433 [INFO] NvicIntPanel:100 - NVIC parent = com.st.microxplorer.plugins.ip.nvic.MultiNvicIntPanel[,0,0,0x0,invalid,layout=javax.swing.BoxLayout,alignmentX=0.0,alignmentY=0.0,border=,flags=9,maximumSize=,minimumSize=,preferredSize=]
2024-01-17 00:35:04,403 [INFO] NvicIntPanel:100 - NVIC parent = com.st.microxplorer.plugins.ip.nvic.MultiNvicIntPanel[,0,0,0x0,invalid,layout=javax.swing.BoxLayout,alignmentX=0.0,alignmentY=0.0,border=,flags=9,maximumSize=,minimumSize=,preferredSize=]
